
  EPA STORM WATER MANAGEMENT MODEL - VERSION 5.1 (Build 5.1.012)
  --------------------------------------------------------------

  WARNING 04: minimum elevation drop used for Conduit 2888_1
  WARNING 03: negative offset ignored for Link P_3059
  WARNING 04: minimum elevation drop used for Conduit P_4239
  WARNING 04: minimum elevation drop used for Conduit P_4243
  WARNING 03: negative offset ignored for Link P_7280
  WARNING 03: negative offset ignored for Link P_7280
  WARNING 03: negative offset ignored for Link P_7282
  WARNING 03: negative offset ignored for Link P_7283
  WARNING 03: negative offset ignored for Link P_7364
  WARNING 03: negative offset ignored for Link P_7366
  WARNING 03: negative offset ignored for Link P_7366
  WARNING 03: negative offset ignored for Link P_7367
  WARNING 03: negative offset ignored for Link P_7396
  WARNING 03: negative offset ignored for Link P_7396
  WARNING 03: negative offset ignored for Link P_7397
  WARNING 02: maximum depth increased for Node 4577
  
  *********************************************************
  NOTE: The summary statistics displayed in this report are
  based on results found at every computational time step,  
  not just on results from each reporting time step.
  *********************************************************
  
  ****************
  Analysis Options
  ****************
  Flow Units ............... CFS
  Process Models:
    Rainfall/Runoff ........ YES
    RDII ................... NO
    Snowmelt ............... NO
    Groundwater ............ NO
    Flow Routing ........... YES
    Ponding Allowed ........ YES
    Water Quality .......... NO
  Infiltration Method ...... CURVE_NUMBER
  Flow Routing Method ...... DYNWAVE
  Starting Date ............ 01/01/2002 00:00:00
  Ending Date .............. 01/02/2002 00:00:00
  Antecedent Dry Days ...... 5.0
  Report Time Step ......... 00:05:00
  Wet Time Step ............ 00:01:00
  Dry Time Step ............ 01:00:00
  Routing Time Step ........ 30.00 sec
  Variable Time Step ....... YES
  Maximum Trials ........... 8
  Number of Threads ........ 1
  Head Tolerance ........... 0.005000 ft
  
  
  **************************        Volume         Depth
  Runoff Quantity Continuity     acre-feet        inches
  **************************     ---------       -------
  Total Precipitation ......        26.633         5.254
  Evaporation Loss .........         0.000         0.000
  Infiltration Loss ........         3.665         0.723
  Surface Runoff ...........        22.681         4.475
  Final Storage ............         0.299         0.059
  Continuity Error (%) .....        -0.045
  
  
  **************************        Volume        Volume
  Flow Routing Continuity        acre-feet      10^6 gal
  **************************     ---------     ---------
  Dry Weather Inflow .......         0.000         0.000
  Wet Weather Inflow .......        22.677         7.390
  Groundwater Inflow .......         0.000         0.000
  RDII Inflow ..............         0.000         0.000
  External Inflow ..........         0.000         0.000
  External Outflow .........        18.251         5.947
  Flooding Loss ............         4.399         1.434
  Evaporation Loss .........         0.000         0.000
  Exfiltration Loss ........         0.000         0.000
  Initial Stored Volume ....         0.000         0.000
  Final Stored Volume ......         0.278         0.091
  Continuity Error (%) .....        -1.107
  
  
  *************************
  Highest Continuity Errors
  *************************
  Node 4743-2 (-19.20%)
  Node 4577 (3.21%)
  Node 4743 (-3.13%)
  
  
  ***************************
  Time-Step Critical Elements
  ***************************
  Link P_7397 (41.16%)
  Link P_7280 (34.65%)
  Link P_3062 (9.17%)
  Link 2888_1 (5.53%)
  Link P_7396 (3.22%)
  
  
  ********************************
  Highest Flow Instability Indexes
  ********************************
  Link P_3062 (18)
  Link LS4_18IN_FM (8)
  Link P_7280 (6)
  Link P_7366 (6)
  Link P_7367 (5)
  
  
  *************************
  Routing Time Step Summary
  *************************
  Minimum Time Step           :     0.50 sec
  Average Time Step           :     6.59 sec
  Maximum Time Step           :    30.00 sec
  Percent in Steady State     :    -0.00
  Average Iterations per Step :     2.58
  Percent Not Converging      :     7.46
  
  
  ***************************
  Subcatchment Runoff Summary
  ***************************
  
  --------------------------------------------------------------------------------------------------------
                            Total      Total      Total      Total      Total       Total     Peak  Runoff
                           Precip      Runon       Evap      Infil     Runoff      Runoff   Runoff   Coeff
  Subcatchment                 in         in         in         in         in    10^6 gal      CFS
  --------------------------------------------------------------------------------------------------------
  CAT_1205                   5.25       0.00       0.00       0.51       4.69        0.73    39.85   0.893
  CAT_1216                   5.25       0.00       0.00       0.58       4.62        0.50    27.71   0.880
  CAT_1231                   5.25       0.00       0.00       0.93       4.28        0.07     4.15   0.815
  CAT_1252                   5.25       0.00       0.00       0.72       4.47        2.12   112.67   0.850
  CAT_1275                   5.25       0.00       0.00       0.66       4.54        0.78    42.85   0.863
  CAT_1294                   5.25       0.00       0.00       0.77       4.43        0.92    50.54   0.843
  CAT_1314                   5.25       0.00       0.00       0.75       4.46        0.55    30.79   0.848
  CAT_1328                   5.25       0.00       0.00       0.73       4.48        0.30    16.71   0.852
  CAT_1369                   5.25       0.00       0.00       0.85       4.34        1.42    77.66   0.827
  
  
  ******************
  Node Depth Summary
  ******************
  
  ---------------------------------------------------------------------------------
                                 Average  Maximum  Maximum  Time of Max    Reported
                                   Depth    Depth      HGL   Occurrence   Max Depth
  Node                 Type         Feet     Feet     Feet  days hr:min        Feet
  ---------------------------------------------------------------------------------
  4577                 JUNCTION   819.67   882.37   882.37     0  11:37      882.37
  4743                 JUNCTION     2.72    18.40   896.99     0  12:32        7.39
  4743-2               JUNCTION     0.23     4.63   898.19     0  13:19        1.86
  6501                 JUNCTION     1.28     8.85   890.23     0  11:49        8.85
  6502                 JUNCTION     1.20     8.92   891.72     0  11:43        8.77
  6503                 JUNCTION     1.08     8.25   892.18     0  11:43        8.25
  6504                 JUNCTION     1.03    10.75   896.11     0  11:43        8.13
  6507                 JUNCTION     1.09     8.30   896.07     0  11:43        8.30
  6515                 JUNCTION     1.10     8.01   889.30     0  11:54        8.01
  6516                 JUNCTION     0.82     6.82   888.30     0  11:54        6.74
  6517                 JUNCTION     0.59     4.80   886.25     0  11:54        4.70
  6518                 JUNCTION     1.57    12.90   895.24     0  11:54       12.90
  6519                 JUNCTION     0.83     6.53   888.65     0  11:54        5.60
  6520                 JUNCTION     0.95     6.59   887.79     0  11:45        4.82
  6521                 JUNCTION     1.17     6.32   887.30     0  11:46        4.39
  6522                 JUNCTION     0.45     3.04   883.99     0  11:57        2.76
  6523                 JUNCTION     1.18    12.90   896.31     0  11:54       12.90
  6868                 JUNCTION     1.99     8.65   888.52     0  11:48        8.65
  2888_FES             OUTFALL      0.00     0.00     0.00     0  00:00        0.00
  4537                 OUTFALL      0.66     1.26   881.06     0  11:47        1.26
  4538                 OUTFALL      0.38     1.63   874.25     0  11:57        1.55
  6524                 STORAGE      1.08    13.21   896.97     0  12:00       13.21
  
  
  *******************
  Node Inflow Summary
  *******************
  
  -------------------------------------------------------------------------------------------------
                                  Maximum  Maximum                  Lateral       Total        Flow
                                  Lateral    Total  Time of Max      Inflow      Inflow     Balance
                                   Inflow   Inflow   Occurrence      Volume      Volume       Error
  Node                 Type           CFS      CFS  days hr:min    10^6 gal    10^6 gal     Percent
  -------------------------------------------------------------------------------------------------
  4577                 JUNCTION      0.00    60.87     0  11:52           0        2.64       3.317
  4743                 JUNCTION      0.00    67.78     0  12:32           0       0.366      -3.032
  4743-2               JUNCTION      0.00    17.00     0  11:45           0       0.362     -16.106
  6501                 JUNCTION     16.71    35.39     0  12:00       0.299        1.43       0.034
  6502                 JUNCTION      0.00    22.84     0  11:48           0        1.13       0.029
  6503                 JUNCTION     30.79    42.44     0  12:00       0.553        1.26       0.015
  6504                 JUNCTION      0.00    14.25     0  11:43           0       0.704      -0.050
  6507                 JUNCTION     50.54    50.54     0  12:00       0.915       0.915       0.083
  6515                 JUNCTION     42.85    42.85     0  12:00       0.778       0.778       0.003
  6516                 JUNCTION      0.00    32.15     0  11:56           0       0.754       0.017
  6517                 JUNCTION      0.00    32.14     0  11:58           0       0.754       0.025
  6518                 JUNCTION    112.67   146.70     0  12:00        2.12        3.23      -0.006
  6519                 JUNCTION      0.00   112.04     0  11:59           0        3.12       0.042
  6520                 JUNCTION      4.15   116.17     0  11:59      0.0733        3.21      -0.278
  6521                 JUNCTION      0.00   242.09     0  11:58           0        3.29       0.285
  6522                 JUNCTION      0.00   136.52     0  11:57           0        3.27       0.012
  6523                 JUNCTION      0.00    67.49     0  12:00           0        1.23       0.021
  6868                 JUNCTION     77.66   105.97     0  12:00        1.42        2.83       0.031
  2888_FES             OUTFALL       0.00    32.14     0  11:58           0       0.754       0.000
  4537                 OUTFALL       0.00    14.13     0  11:59           0        1.92       0.000
  4538                 OUTFALL       0.00   132.22     0  11:57           0        3.27       0.000
  6524                 STORAGE      67.56    67.56     0  12:00        1.23        1.23       0.019
  
  
  **********************
  Node Surcharge Summary
  **********************
  
  Surcharging occurs when water rises above the top of the highest conduit.
  ---------------------------------------------------------------------
                                               Max. Height   Min. Depth
                                   Hours       Above Crown    Below Rim
  Node                 Type      Surcharged           Feet         Feet
  ---------------------------------------------------------------------
  4577                 JUNCTION        0.98          0.000        0.000
  4743                 JUNCTION        0.82         13.712        1.598
  4743-2               JUNCTION        0.54          3.127      601.813
  6501                 JUNCTION        0.60          6.347        0.000
  6502                 JUNCTION        0.52          6.424        5.876
  6503                 JUNCTION        0.47          5.750        0.000
  6504                 JUNCTION        0.46          8.695        0.403
  6507                 JUNCTION        0.44          6.296        0.000
  6515                 JUNCTION        0.41          6.050        0.000
  6516                 JUNCTION        0.38          5.050       18.376
  6517                 JUNCTION        0.31          3.047        2.503
  6518                 JUNCTION        0.55         10.150        0.000
  6519                 JUNCTION        0.37          3.528        2.451
  6520                 JUNCTION        0.35          2.786        6.308
  6522                 JUNCTION        0.01          0.040        7.460
  6523                 JUNCTION        0.41         10.396        0.000
  6868                 JUNCTION        0.90          5.700        0.000
  
  
  *********************
  Node Flooding Summary
  *********************
  
  Flooding refers to all water that overflows a node, whether it ponds or not.
  --------------------------------------------------------------------------
                                                             Total   Maximum
                                 Maximum   Time of Max       Flood    Ponded
                        Hours       Rate    Occurrence      Volume     Depth
  Node                 Flooded       CFS   days hr:min    10^6 gal      Feet
  --------------------------------------------------------------------------
  4577                    0.98     46.74      0  11:50       0.634     0.000
  6501                    0.20      7.08      0  12:00       0.023     0.000
  6503                    0.31     23.76      0  12:00       0.124     0.000
  6507                    0.40     38.86      0  12:00       0.211     0.000
  6515                    0.12     10.71      0  12:00       0.023     0.000
  6518                    0.20     36.60      0  11:59       0.103     0.000
  6523                    0.20     33.46      0  12:00       0.122     0.000
  6868                    0.30     45.07      0  12:00       0.192     0.000
  
  
  **********************
  Storage Volume Summary
  **********************
  
  --------------------------------------------------------------------------------------------------
                         Average     Avg  Evap Exfil       Maximum     Max    Time of Max    Maximum
                          Volume    Pcnt  Pcnt  Pcnt        Volume    Pcnt     Occurrence    Outflow
  Storage Unit          1000 ft3    Full  Loss  Loss      1000 ft3    Full    days hr:min        CFS
  --------------------------------------------------------------------------------------------------
  6524                     0.014       0     0     0         0.211       0       0  12:00      67.49
  
  
  ***********************
  Outfall Loading Summary
  ***********************
  
  -----------------------------------------------------------
                         Flow       Avg       Max       Total
                         Freq      Flow      Flow      Volume
  Outfall Node           Pcnt       CFS       CFS    10^6 gal
  -----------------------------------------------------------
  2888_FES              99.49      3.15     32.14       0.754
  4537                  88.43      5.98     14.13       1.918
  4538                  99.70     13.61    132.22       3.275
  -----------------------------------------------------------
  System                95.87     22.73    178.48       5.947
  
  
  ********************
  Link Flow Summary
  ********************
  
  -----------------------------------------------------------------------------
                                 Maximum  Time of Max   Maximum    Max/    Max/
                                  |Flow|   Occurrence   |Veloc|    Full    Full
  Link                 Type          CFS  days hr:min    ft/sec    Flow   Depth
  -----------------------------------------------------------------------------
  2888_1               CONDUIT     32.15     0  11:56     13.36   33.05    1.00
  2888_2               CONDUIT     32.14     0  11:58     13.36    6.42    1.00
  2888_3               CONDUIT     32.14     0  11:58     13.36    2.75    1.00
  LS4_18IN_FM          CONDUIT    185.05     0  12:33    >50.00    8.09    1.00
  P_3059               CONDUIT    132.22     0  11:57     28.94    0.57    0.77
  P_3062               CONDUIT     67.78     0  12:32     16.94    0.23    1.00
  P_4239               CONDUIT     60.87     0  11:52     12.40   78.42    1.00
  P_4243               CONDUIT     14.13     0  11:59      3.56   29.88    0.75
  P_7280               CONDUIT    101.21     0  11:57     14.32    1.68    1.00
  P_7281               CONDUIT     39.78     0  12:06      8.10    1.33    1.00
  P_7282               CONDUIT    112.03     0  11:59     27.99    1.51    1.00
  P_7283               CONDUIT     67.49     0  12:00     13.75    1.38    1.00
  P_7364               CONDUIT     14.00     0  12:07      4.46    1.15    1.00
  P_7365               CONDUIT     14.25     0  11:43      4.61    1.28    1.00
  P_7366               CONDUIT     22.84     0  11:48      4.65    0.91    1.00
  P_7367               CONDUIT     22.89     0  11:48      4.66    1.19    1.00
  P_7368               CONDUIT     28.91     0  11:48      5.89    1.30    1.00
  P_7396               CONDUIT    136.52     0  11:57     19.39    6.81    1.00
  P_7397               CONDUIT    112.04     0  11:59     35.66    6.04    1.00
  PUMP-4               PUMP        17.00     0  11:45              1.00
  
  
  ***************************
  Flow Classification Summary
  ***************************
  
  -------------------------------------------------------------------------------------
                      Adjusted    ---------- Fraction of Time in Flow Class ---------- 
                       /Actual         Up    Down  Sub   Sup   Up    Down  Norm  Inlet 
  Conduit               Length    Dry  Dry   Dry   Crit  Crit  Crit  Crit  Ltd   Ctrl  
  -------------------------------------------------------------------------------------
  2888_1                  1.00   0.00  0.00  0.00  1.00  0.00  0.00  0.00  0.00  0.00
  2888_2                  1.00   0.00  0.00  0.00  1.00  0.00  0.00  0.00  0.00  0.00
  2888_3                  1.00   0.00  0.00  0.00  0.00  0.00  0.00  1.00  0.00  0.00
  LS4_18IN_FM             1.00   0.43  0.00  0.00  0.00  0.00  0.00  0.57  0.00  0.00
  P_3059                  1.00   0.00  0.00  0.00  0.00  1.00  0.00  0.00  0.16  0.00
  P_3062                  1.00   0.33  0.41  0.00  0.24  0.00  0.01  0.01  0.45  0.00
  P_4239                  1.00   0.00  0.00  0.00  0.88  0.00  0.00  0.12  0.00  0.00
  P_4243                  1.00   0.12  0.00  0.00  0.88  0.00  0.00  0.00  0.00  0.00
  P_7280                  1.00   0.00  0.00  0.00  1.00  0.00  0.00  0.00  0.92  0.00
  P_7281                  1.00   0.00  0.00  0.00  0.63  0.04  0.00  0.33  0.44  0.00
  P_7282                  1.00   0.00  0.00  0.00  0.09  0.15  0.00  0.76  0.05  0.00
  P_7283                  1.00   0.00  0.00  0.00  0.16  0.84  0.00  0.00  0.96  0.00
  P_7364                  1.00   0.00  0.00  0.00  1.00  0.00  0.00  0.00  0.97  0.00
  P_7365                  1.00   0.00  0.00  0.00  0.35  0.00  0.00  0.65  0.00  0.00
  P_7366                  1.00   0.00  0.00  0.00  1.00  0.00  0.00  0.00  0.95  0.00
  P_7367                  1.00   0.00  0.00  0.00  1.00  0.00  0.00  0.00  0.97  0.00
  P_7368                  1.00   0.00  0.00  0.00  0.88  0.00  0.00  0.12  0.68  0.00
  P_7396                  1.00   0.00  0.00  0.00  0.01  0.98  0.00  0.00  0.00  0.00
  P_7397                  1.00   0.00  0.00  0.00  0.08  0.92  0.00  0.00  0.00  0.00
  
  
  *************************
  Conduit Surcharge Summary
  *************************
  
  ----------------------------------------------------------------------------
                                                           Hours        Hours 
                         --------- Hours Full --------   Above Full   Capacity
  Conduit                Both Ends  Upstream  Dnstream   Normal Flow   Limited
  ----------------------------------------------------------------------------
  2888_1                      0.38      0.41      0.38      5.25         0.38
  2888_2                      0.31      0.38      0.31      0.73         0.31
  2888_3                      0.20      0.31      0.20      0.40         0.20
  LS4_18IN_FM                 0.01      0.54      0.37      0.14         0.01
  P_3059                      0.01      0.01      0.01      0.01         0.01
  P_3062                      0.35      0.35      0.82      0.01         0.01
  P_4239                      0.98      1.17      0.98     19.32         0.98
  P_4243                      0.01      1.02      0.01     17.94         0.01
  P_7280                      0.41      0.42      0.42      0.30         0.29
  P_7281                      0.41      0.41      0.55      0.30         0.31
  P_7282                      0.37      0.37      0.41      0.30         0.31
  P_7283                      0.40      0.40      0.41      0.14         0.13
  P_7364                      0.47      0.47      0.50      0.09         0.09
  P_7365                      0.44      0.44      0.46      0.43         0.41
  P_7366                      0.47      0.47      0.52      0.01         0.01
  P_7367                      0.52      0.52      0.60      0.11         0.12
  P_7368                      0.60      0.60      0.90      0.40         0.40
  P_7396                      0.01      0.42      0.01      0.88         0.01
  P_7397                      0.39      0.83      0.39      0.88         0.39
  
  
  ***************
  Pumping Summary
  ***************
  
  ---------------------------------------------------------------------------------------------------------
                                                  Min       Avg       Max     Total     Power    % Time Off
                        Percent   Number of      Flow      Flow      Flow    Volume     Usage    Pump Curve
  Pump                 Utilized   Start-Ups       CFS       CFS       CFS  10^6 gal     Kw-hr    Low   High
  ---------------------------------------------------------------------------------------------------------
  PUMP-4                   3.31           9      0.00     17.00     17.00     0.363     11.95    0.0  100.0
  

  Analysis begun on:  Wed Jan 02 08:31:11 2019
  Analysis ended on:  Wed Jan 02 08:31:11 2019
  Total elapsed time: < 1 sec