

*********************************************
* Binary File Comparison Statistics Section *
*********************************************

   Flog.file                                                D:\SWMMandSoftware\SWMM5.013_June2018\EPASWMM5.1.013\Swmm5.1.013UpdateTests\Pumps\extran6_type4.inp.log
   FoutCompare.file                                         D:\SWMMandSoftware\SWMM5.013_June2018\EPASWMM5.1.013\Swmm5.1.013UpdateTests\v12\extran6_type4.out
   Fout.file                                                D:\SWMMandSoftware\SWMM5.013_June2018\EPASWMM5.1.013\Swmm5.1.013UpdateTests\v13\extran6_type4.out

   Fout.file Version                                        51013
   Fout.file MagicNumber                                    516114522
   Fout.file Flow units                                     0
   Fout.file Report Step                                    900
   Fout.file Nperiods                                       32
   Fout.file Starting file position of ID names             28
   Fout.file Starting file position of input data           216
   Fout.file Starting file position of output data          780
   Fout.file number of bytes per time period                552
   Fout.file Number of subcatchment output variables        8
   Fout.file Number of node output variables                6
   Fout.file Number of link output variables                5
   Fout.file Number of subcatchments reported on            0
   Fout.file Number of nodes reported on                    11
   Fout.file Number of links reported on                    11
   Fout.file Number of pollutants reported on               0

   FoutCompare.file Version                                 51011
   FoutCompare.file MagicNumber                             516114522
   FoutCompare.file Flow units                              0
   FoutCompare.file Nperiods                                32
   FoutCompare.file Starting file position of ID names      28
   FoutCompare.file Starting file position of input data    216
   FoutCompare.file Starting file position of output data   780
   FoutCompare.file number of bytes per time period         552
   FoutCompare.file Number of subcatchment output variables 8
   FoutCompare.file Number of node output variables         6
   FoutCompare.file Number of link output variables         5
   FoutCompare.file Number of subcatchments reported on     0
   FoutCompare.file Number of nodes reported on             11
   FoutCompare.file Number of links reported on             11
   FoutCompare.file Number of pollutants reported on        0

************************************
*Node Depth Statistics Comparisons *
************************************
  Node ID                            Mean Sim   Mean Obs       RMSE        MAE      MSLSE    STD Sim    STD Obs Skewn..Sim Skew...Obs  Kurt..Sim  Kurt..Obs    Index D           Log  NSE Nash-Sutcliffe
  80408                               1.5045     1.0913     1.3357     0.4284     0.0000     0.3943     0.2961     0.3222     0.0000     0.0000     0.0000     0.0000
  80608                               2.0947     1.3561     2.1120     0.7765     0.0000     0.4860     0.2704    -1.0312     0.0000     0.0000     0.0000     0.0000
  81009                               1.0911     1.0899     0.0156     0.0059     0.0000     0.2159     0.2155     0.9998     0.0000     0.0000     0.0000     0.0000
  81309                               1.2460     1.2774     0.1066     0.0762     0.0000     0.2119     0.2272     0.9927     0.0000     0.0000     0.0000     0.0000
  82309                               4.0571     1.7685     3.2086     2.6399     0.0000     0.3193     0.3375    -2.0104     0.0000     0.0000     0.0000     0.0000
  10309                               9.0812     1.4090     7.8652     7.7246     0.0000     0.2982     0.1516   -88.5944     0.0000     0.0000     0.0000     0.0000
  15009                               2.7451     1.2162     1.8318     1.5429     0.0000     0.1313     0.1855    -2.2472     0.0000     0.0000     0.0000     0.0000
  16009                              12.0426     1.4552    11.1674    10.6822     0.0000     0.6746     0.1696  -143.3535     0.0000     0.0000     0.0000     0.0000
  16109                              14.8871     1.0491    14.8971    13.9795     0.0000     1.0058     0.1621  -280.1131     0.0000     0.0000     0.0000     0.0000
  82310                              32.2030    19.0509    22.7499    13.6507     0.0000     3.1664     3.7379    -0.2335     0.0000     0.0000     0.0000     0.0000
  10208                               8.7183     1.2119     7.6657     7.5064     0.0000     0.2857     0.1468   -89.7448     0.0000     0.0000     0.0000     0.0000

*******************************************
*Node Lateral Flow Statistics Comparisons *
*******************************************
  Node ID                            Mean Sim   Mean Obs       RMSE        MAE      MSLSE    STD Sim    STD Obs Skewn..Sim Skew...Obs  Kurt..Sim  Kurt..Obs    Index D           Log  NSE Nash-Sutcliffe
  80408                               16.8750    16.8750     0.0000     0.0000     0.0000     3.8558     3.8558     1.0000     0.0000     0.0000     0.0000     0.0000
  80608                                0.0000     0.0000     0.0000     0.0000     0.0000     0.0000     0.0000     1.0000     0.0000     0.0000     0.0000     0.0000
  81009                               18.7500    18.7500     0.0000     0.0000     0.0000     4.2842     4.2842     1.0000     0.0000     0.0000     0.0000     0.0000
  81309                                0.0000     0.0000     0.0000     0.0000     0.0000     0.0000     0.0000     1.0000     0.0000     0.0000     0.0000     0.0000
  82309                               15.0000    15.0000     0.0000     0.0000     0.0000     3.4274     3.4274     1.0000     0.0000     0.0000     0.0000     0.0000
  10309                                0.0000     0.0000     0.0000     0.0000     0.0000     0.0000     0.0000     1.0000     0.0000     0.0000     0.0000     0.0000
  15009                                0.0000     0.0000     0.0000     0.0000     0.0000     0.0000     0.0000     1.0000     0.0000     0.0000     0.0000     0.0000
  16009                                0.0000     0.0000     0.0000     0.0000     0.0000     0.0000     0.0000     1.0000     0.0000     0.0000     0.0000     0.0000
  16109                                0.0000     0.0000     0.0000     0.0000     0.0000     0.0000     0.0000     1.0000     0.0000     0.0000     0.0000     0.0000
  82310                                0.0000     0.0000     0.0000     0.0000     0.0000     0.0000     0.0000     1.0000     0.0000     0.0000     0.0000     0.0000
  10208                                0.0000     0.0000     0.0000     0.0000     0.0000     0.0000     0.0000     1.0000     0.0000     0.0000     0.0000     0.0000

*****************************************
*Node Total Flow Statistics Comparisons *
*****************************************
  Node ID                            Mean Sim   Mean Obs       RMSE        MAE      MSLSE    STD Sim    STD Obs Skewn..Sim Skew...Obs  Kurt..Sim  Kurt..Obs    Index D           Log  NSE Nash-Sutcliffe
  80408                              16.8750    16.8750     0.0000     0.0000     0.0000     3.8558     3.8558     1.0000     0.0000     0.0000     0.0000     0.0000
  80608                              23.8284    18.7619    31.4323     8.1948     0.9823     7.5147     4.3343    -0.7512     0.0000     0.0000     0.0000     0.0000
  81009                              18.7500    18.7500     0.0000     0.0000     0.0000     4.2842     4.2842     1.0000     0.0000     0.0000     0.0000     0.0000
  81309                              18.6120    18.6597     0.3148     0.0980     0.0098     4.2273     4.2406     0.9998     0.0000     0.0000     0.0000     0.0000
  82309                             140.9555    32.7894   120.8391   108.1661     3.7762    12.5582     7.4459    -7.7701     0.0000     0.0000     0.0000     0.0000
  10309                           30417.6513    35.1727 32172.0681 30383.1027  1005.3771  1933.4397     6.8516 -734176.2663     0.0000     0.0000     0.0000     0.0000
  15009                              26.7011    22.3416    19.4863     7.6547     0.6089     4.8915     4.5854     0.3986     0.0000     0.0000     0.0000     0.0000
  16009                            1336.3186    35.5152  1429.9630  1303.3538    44.6863   109.8413     6.8529 -1448.8720     0.0000     0.0000     0.0000     0.0000
  16109                              24.4162    13.3761   139.5946    37.7766     4.3623    24.8068     2.8459   -79.1178     0.0000     0.0000     0.0000     0.0000
  82310                              97.9918    26.7857   139.9291    89.4031     4.3728    23.3794     5.7818   -18.5036     0.0000     0.0000     0.0000     0.0000
  10208                            2988.5793    35.4642  3004.4655  2953.1151    93.8895   101.5412     6.7648 -6567.2408     0.0000     0.0000     0.0000     0.0000

************************************
*Link Flow Statistics  Comparisons *
************************************
  Link ID                            Mean Sim   Mean Obs       RMSE        MAE      MSLSE    STD Sim    STD Obs Skewn..Sim Skew...Obs  Kurt..Sim  Kurt..Obs    Index D           Log  NSE Nash-Sutcliffe
  8040                                23.8217    18.7619    31.4322     8.1881     0.9823     7.5154     4.3343    -0.7512     0.0000     0.0000     0.0000     0.0000
  8060                                29.4230    17.7893    30.0138    11.7366     0.9379     7.2240     4.1289    -0.7595     0.0000     0.0000     0.0000     0.0000
  8100                                18.6120    18.6597     0.3148     0.0980     0.0098     4.2273     4.2406     0.9998     0.0000     0.0000     0.0000     0.0000
  8130                                18.4353    18.6431     1.0310     0.6175     0.0322     3.9894     4.0854     0.9979     0.0000     0.0000     0.0000     0.0000
  1030                              2988.5793    35.4642  3004.4655  2953.1151    93.8895   101.5412     6.7648 -6567.2408     0.0000     0.0000     0.0000     0.0000
  1570                                10.1367    21.1133    25.4066    18.5251     0.7940     3.3825     4.3280    -0.1475     0.0000     0.0000     0.0000     0.0000
  1600                              1299.4976    14.4019  1444.6956  1335.8184    45.1467   120.8749     2.7328 -9304.8140     0.0000     0.0000     0.0000     0.0000
  1630                             30417.6513    35.1727 32172.0681 30383.1027  1005.3771  1933.4397     6.8516 -734176.2663     0.0000     0.0000     0.0000     0.0000
  1602                               -86.0685    13.3761   110.5406    99.6050     3.4544     7.8643     2.8459   -49.2384     0.0000     0.0000     0.0000     0.0000
  8061                                87.6226    26.7856   143.4380    99.7724     4.4824    25.3016     5.7818   -19.4940     0.0000     0.0000     0.0000     0.0000
  90011                                5.9097     3.6985    13.5297     4.7022     0.4228     1.9401     1.4101    -2.0654     0.0000     0.0000     0.0000     0.0000

*************************************
*Link Depth Statistics  Comparisons *
*************************************
  Link ID                            Mean Sim   Mean Obs       RMSE        MAE      MSLSE    STD Sim    STD Obs Skewn..Sim Skew...Obs  Kurt..Sim  Kurt..Obs    Index D           Log  NSE Nash-Sutcliffe
  8040                                 1.4390     1.1590     0.7811     0.2908     0.0244     0.2678     0.2290     0.6125     0.0000     0.0000     0.0000     0.0000
  8060                                 1.9670     1.0897     1.1006     0.8773     0.0344     0.2178     0.2201     0.1678     0.0000     0.0000     0.0000     0.0000
  8100                                 1.1690     1.1837     0.0480     0.0352     0.0015     0.2120     0.2190     0.9984     0.0000     0.0000     0.0000     0.0000
  8130                                 1.9670     1.2461     0.9052     0.7223     0.0283     0.1393     0.2041     0.3449     0.0000     0.0000     0.0000     0.0000
  1030                                 8.7140     1.3003     7.5742     7.4138     0.2367     0.2856     0.1517   -82.0182     0.0000     0.0000     0.0000     0.0000
  1570                                 3.8879     1.3346     2.7284     2.5533     0.0853     0.1270     0.1767    -6.9408     0.0000     0.0000     0.0000     0.0000
  1600                                 5.6109     1.2518     4.5299     4.3591     0.1416     0.1883     0.1633   -24.6387     0.0000     0.0000     0.0000     0.0000
  1630                                 8.4895     1.4194     7.2588     7.0701     0.2268     0.2991     0.1626   -65.3861     0.0000     0.0000     0.0000     0.0000
  1602                                 4.3447     1.4159     3.2942     2.9656     0.1029     0.1840     0.2468    -4.9302     0.0000     0.0000     0.0000     0.0000
  8061                                 3.3983     1.7852     2.3106     1.7450     0.0722     0.1474     0.3314    -0.6187     0.0000     0.0000     0.0000     0.0000
  90011                                0.0000     0.0000     0.0000     0.0000     0.0000     0.0000     0.0000     1.0000     0.0000     0.0000     0.0000     0.0000