

*********************************************
* Binary File Comparison Statistics Section *
*********************************************

   Flog.file                                                D:\SWMMandSoftware\SWMM5.013_June2018\EPASWMM5.1.013\Swmm5.1.013UpdateTests\Pumps\extran6_type3.inp.log
   FoutCompare.file                                         D:\SWMMandSoftware\SWMM5.013_June2018\EPASWMM5.1.013\Swmm5.1.013UpdateTests\v12\extran6_type3.out
   Fout.file                                                D:\SWMMandSoftware\SWMM5.013_June2018\EPASWMM5.1.013\Swmm5.1.013UpdateTests\v13\extran6_type3.out

   Fout.file Version                                        51013
   Fout.file MagicNumber                                    516114522
   Fout.file Flow units                                     0
   Fout.file Report Step                                    900
   Fout.file Nperiods                                       32
   Fout.file Starting file position of ID names             28
   Fout.file Starting file position of input data           216
   Fout.file Starting file position of output data          780
   Fout.file number of bytes per time period                552
   Fout.file Number of subcatchment output variables        8
   Fout.file Number of node output variables                6
   Fout.file Number of link output variables                5
   Fout.file Number of subcatchments reported on            0
   Fout.file Number of nodes reported on                    11
   Fout.file Number of links reported on                    11
   Fout.file Number of pollutants reported on               0

   FoutCompare.file Version                                 51011
   FoutCompare.file MagicNumber                             516114522
   FoutCompare.file Flow units                              0
   FoutCompare.file Nperiods                                32
   FoutCompare.file Starting file position of ID names      28
   FoutCompare.file Starting file position of input data    216
   FoutCompare.file Starting file position of output data   780
   FoutCompare.file number of bytes per time period         552
   FoutCompare.file Number of subcatchment output variables 8
   FoutCompare.file Number of node output variables         6
   FoutCompare.file Number of link output variables         5
   FoutCompare.file Number of subcatchments reported on     0
   FoutCompare.file Number of nodes reported on             11
   FoutCompare.file Number of links reported on             11
   FoutCompare.file Number of pollutants reported on        0

************************************
*Node Depth Statistics Comparisons *
************************************
  Node ID                            Mean Sim   Mean Obs       RMSE        MAE      MSLSE    STD Sim    STD Obs Skewn..Sim Skew...Obs  Kurt..Sim  Kurt..Obs    Index D           Log  NSE Nash-Sutcliffe
  80408                               1.7212     1.0913     1.7374     0.6412     0.0000     0.4163     0.2961    -0.1468     0.0000     0.0000     0.0000     0.0000
  80608                               2.5086     1.3561     3.2307     1.1963     0.0000     0.6118     0.2704    -3.7525     0.0000     0.0000     0.0000     0.0000
  81009                               1.0911     1.0899     0.0156     0.0059     0.0000     0.2159     0.2155     0.9998     0.0000     0.0000     0.0000     0.0000
  81309                               1.2457     1.2774     0.1065     0.0759     0.0000     0.2119     0.2272     0.9927     0.0000     0.0000     0.0000     0.0000
  82309                               3.6612     1.7685     2.8599     2.2839     0.0000     0.3556     0.3375    -1.3916     0.0000     0.0000     0.0000     0.0000
  10309                               9.1062     1.4090     7.8916     7.7496     0.0000     0.2985     0.1516   -89.1974     0.0000     0.0000     0.0000     0.0000
  15009                               2.7127     1.2162     1.7788     1.5105     0.0000     0.1173     0.1855    -2.0620     0.0000     0.0000     0.0000     0.0000
  16009                              10.0221     1.4552     9.9563     8.7255     0.0000     1.0321     0.1696  -113.7415     0.0000     0.0000     0.0000     0.0000
  16109                              12.2321     1.0491    13.3306    11.3271     0.0000     1.3916     0.1621  -224.1018     0.0000     0.0000     0.0000     0.0000
  82310                              41.8865    19.0509    30.3103    22.8356     0.0000     0.4820     3.7379    -1.1896     0.0000     0.0000     0.0000     0.0000
  10208                               8.7177     1.2119     7.6650     7.5058     0.0000     0.2857     0.1468   -89.7287     0.0000     0.0000     0.0000     0.0000

*******************************************
*Node Lateral Flow Statistics Comparisons *
*******************************************
  Node ID                            Mean Sim   Mean Obs       RMSE        MAE      MSLSE    STD Sim    STD Obs Skewn..Sim Skew...Obs  Kurt..Sim  Kurt..Obs    Index D           Log  NSE Nash-Sutcliffe
  80408                               16.8750    16.8750     0.0000     0.0000     0.0000     3.8558     3.8558     1.0000     0.0000     0.0000     0.0000     0.0000
  80608                                0.0000     0.0000     0.0000     0.0000     0.0000     0.0000     0.0000     1.0000     0.0000     0.0000     0.0000     0.0000
  81009                               18.7500    18.7500     0.0000     0.0000     0.0000     4.2842     4.2842     1.0000     0.0000     0.0000     0.0000     0.0000
  81309                                0.0000     0.0000     0.0000     0.0000     0.0000     0.0000     0.0000     1.0000     0.0000     0.0000     0.0000     0.0000
  82309                               15.0000    15.0000     0.0000     0.0000     0.0000     3.4274     3.4274     1.0000     0.0000     0.0000     0.0000     0.0000
  10309                                0.0000     0.0000     0.0000     0.0000     0.0000     0.0000     0.0000     1.0000     0.0000     0.0000     0.0000     0.0000
  15009                                0.0000     0.0000     0.0000     0.0000     0.0000     0.0000     0.0000     1.0000     0.0000     0.0000     0.0000     0.0000
  16009                                0.0000     0.0000     0.0000     0.0000     0.0000     0.0000     0.0000     1.0000     0.0000     0.0000     0.0000     0.0000
  16109                                0.0000     0.0000     0.0000     0.0000     0.0000     0.0000     0.0000     1.0000     0.0000     0.0000     0.0000     0.0000
  82310                                0.0000     0.0000     0.0000     0.0000     0.0000     0.0000     0.0000     1.0000     0.0000     0.0000     0.0000     0.0000
  10208                                0.0000     0.0000     0.0000     0.0000     0.0000     0.0000     0.0000     1.0000     0.0000     0.0000     0.0000     0.0000

*****************************************
*Node Total Flow Statistics Comparisons *
*****************************************
  Node ID                            Mean Sim   Mean Obs       RMSE        MAE      MSLSE    STD Sim    STD Obs Skewn..Sim Skew...Obs  Kurt..Sim  Kurt..Obs    Index D           Log  NSE Nash-Sutcliffe
  80408                              22.4898    16.8750    31.1390     5.6148     0.9731     6.3083     3.8558    -1.1717     0.0000     0.0000     0.0000     0.0000
  80608                              27.5865    18.7619    38.2728    11.9531     1.1960     8.1188     4.3343    -1.5964     0.0000     0.0000     0.0000     0.0000
  81009                              18.7500    18.7500     0.0000     0.0000     0.0000     4.2842     4.2842     1.0000     0.0000     0.0000     0.0000     0.0000
  81309                              18.6119    18.6597     0.3148     0.0980     0.0098     4.2274     4.2406     0.9998     0.0000     0.0000     0.0000     0.0000
  82309                             119.1246    32.7894   114.5838    86.3390     3.5807    17.2556     7.4459    -6.8857     0.0000     0.0000     0.0000     0.0000
  10309                           24994.8370    35.1727 29327.9753 24960.0278   916.4992  2814.2679     6.8516 -610107.5858     0.0000     0.0000     0.0000     0.0000
  15009                              25.7901    22.3416    16.0548     6.7440     0.5017     4.6153     4.5854     0.5918     0.0000     0.0000     0.0000     0.0000
  16009                            1167.4952    35.5152  1338.8801  1133.9488    41.8400   133.3494     6.8529 -1270.0523     0.0000     0.0000     0.0000     0.0000
  16109                               5.1188    13.3761    24.6721    18.4840     0.7710     2.3128     2.8459    -1.5027     0.0000     0.0000     0.0000     0.0000
  82310                             179.4538    26.7857   432.3952   171.0480    13.5124    73.2620     5.7818  -185.2347     0.0000     0.0000     0.0000     0.0000
  10208                            3001.8330    35.4642  3020.9698  2966.3688    94.4053   104.7073     6.7648 -6639.6013     0.0000     0.0000     0.0000     0.0000

************************************
*Link Flow Statistics  Comparisons *
************************************
  Link ID                            Mean Sim   Mean Obs       RMSE        MAE      MSLSE    STD Sim    STD Obs Skewn..Sim Skew...Obs  Kurt..Sim  Kurt..Obs    Index D           Log  NSE Nash-Sutcliffe
  8040                                18.0677    18.7619    44.1217    13.6639     1.3788     9.8200     4.3343    -2.4506     0.0000     0.0000     0.0000     0.0000
  8060                                27.8029    17.7893    40.0597    17.9131     1.2519     8.8735     4.1289    -2.1345     0.0000     0.0000     0.0000     0.0000
  8100                                18.6119    18.6597     0.3148     0.0980     0.0098     4.2274     4.2406     0.9998     0.0000     0.0000     0.0000     0.0000
  8130                                18.4340    18.6431     1.0309     0.6167     0.0322     3.9896     4.0854     0.9979     0.0000     0.0000     0.0000     0.0000
  1030                              3001.8330    35.4642  3020.9698  2966.3688    94.4053   104.7073     6.7648 -6639.6013     0.0000     0.0000     0.0000     0.0000
  1570                                13.4203    21.1133    29.3485    21.9883     0.9171     4.0107     4.3280    -0.5312     0.0000     0.0000     0.0000     0.0000
  1600                              1138.2541    14.4019  1346.1942  1125.8180    42.0686   136.2215     2.7328 -8079.1076     0.0000     0.0000     0.0000     0.0000
  1630                             24981.3724    35.1727 29328.0746 24973.4924   916.5023  2818.2803     6.8516 -610111.7187     0.0000     0.0000     0.0000     0.0000
  1602                               -59.0951    13.3761    99.1708    82.6978     3.0991    10.6255     2.8459   -39.4352     0.0000     0.0000     0.0000     0.0000
  8061                               171.2501    26.7856   433.5513   179.2517    13.5485    74.1132     5.7818  -186.2313     0.0000     0.0000     0.0000     0.0000
  90011                                5.0000     3.6985     7.8365     3.7801     0.2449     0.0000     1.4101    -0.0284     0.0000     0.0000     0.0000     0.0000

*************************************
*Link Depth Statistics  Comparisons *
*************************************
  Link ID                            Mean Sim   Mean Obs       RMSE        MAE      MSLSE    STD Sim    STD Obs Skewn..Sim Skew...Obs  Kurt..Sim  Kurt..Obs    Index D           Log  NSE Nash-Sutcliffe
  8040                                 1.5606     1.1590     0.7752     0.4118     0.0242     0.2443     0.2290     0.6183     0.0000     0.0000     0.0000     0.0000
  8060                                 2.1159     1.0897     1.3919     1.0332     0.0435     0.2284     0.2201    -0.3311     0.0000     0.0000     0.0000     0.0000
  8100                                 1.1688     1.1837     0.0479     0.0351     0.0015     0.2120     0.2190     0.9984     0.0000     0.0000     0.0000     0.0000
  8130                                 1.9522     1.2461     0.8762     0.7075     0.0274     0.1355     0.2041     0.3861     0.0000     0.0000     0.0000     0.0000
  1030                                 8.7172     1.3003     7.5776     7.4170     0.2368     0.2857     0.1517   -82.0927     0.0000     0.0000     0.0000     0.0000
  1570                                 3.4437     1.3346     2.2842     2.1090     0.0714     0.2119     0.1767    -4.5652     0.0000     0.0000     0.0000     0.0000
  1600                                 4.6734     1.2518     3.9581     3.5002     0.1237     0.4335     0.1633   -18.5739     0.0000     0.0000     0.0000     0.0000
  1630                                 7.7864     1.4194     6.5947     6.3670     0.2061     0.3930     0.1626   -53.7951     0.0000     0.0000     0.0000     0.0000
  1602                                 3.8565     1.4159     2.7340     2.4774     0.0854     0.2267     0.2468    -3.0849     0.0000     0.0000     0.0000     0.0000
  8061                                 3.5736     1.7852     2.5444     1.9204     0.0795     0.1259     0.3314    -0.9628     0.0000     0.0000     0.0000     0.0000
  90011                                0.0000     0.0000     0.0000     0.0000     0.0000     0.0000     0.0000     1.0000     0.0000     0.0000     0.0000     0.0000