

*********************************************
* Binary File Comparison Statistics Section *
*********************************************

   Flog.file                                                D:\SWMMandSoftware\SWMM5.013_June2018\EPASWMM5.1.013\Swmm5.1.013UpdateTests\Hydrology\10_Subs_Continuous.inp.log
   FoutCompare.file                                         D:\SWMMandSoftware\SWMM5.013_June2018\EPASWMM5.1.013\Swmm5.1.013UpdateTests\v12\10_Subs_Continuous.out
   Fout.file                                                D:\SWMMandSoftware\SWMM5.013_June2018\EPASWMM5.1.013\Swmm5.1.013UpdateTests\v13\10_Subs_Continuous.out

   Fout.file Version                                        51013
   Fout.file MagicNumber                                    516114522
   Fout.file Flow units                                     0
   Fout.file Report Step                                    300
   Fout.file Nperiods                                       69888
   Fout.file Starting file position of ID names             28
   Fout.file Starting file position of input data           264
   Fout.file Starting file position of output data          816
   Fout.file number of bytes per time period                808
   Fout.file Number of subcatchment output variables        8
   Fout.file Number of node output variables                6
   Fout.file Number of link output variables                5
   Fout.file Number of subcatchments reported on            10
   Fout.file Number of nodes reported on                    10
   Fout.file Number of links reported on                    9
   Fout.file Number of pollutants reported on               0

   FoutCompare.file Version                                 51011
   FoutCompare.file MagicNumber                             516114522
   FoutCompare.file Flow units                              0
   FoutCompare.file Nperiods                                69888
   FoutCompare.file Starting file position of ID names      28
   FoutCompare.file Starting file position of input data    264
   FoutCompare.file Starting file position of output data   816
   FoutCompare.file number of bytes per time period         808
   FoutCompare.file Number of subcatchment output variables 8
   FoutCompare.file Number of node output variables         6
   FoutCompare.file Number of link output variables         5
   FoutCompare.file Number of subcatchments reported on     10
   FoutCompare.file Number of nodes reported on             10
   FoutCompare.file Number of links reported on             9
   FoutCompare.file Number of pollutants reported on        0

***********************************************
*Subcatchment Runoff Statistics Comparisons   *
***********************************************
  Subcatchment ID                    Mean Sim   Mean Obs       RMSE        MAE      MSLSE    STD Sim    STD Obs Skewn..Sim Skew...Obs  Kurt..Sim  Kurt..Obs    Index D           Log  NSE Nash-Sutcliffe
  SC394                                0.1815     0.1815     0.0000     0.0000     0.0000     0.0126     0.0126     1.0000     0.0000     0.0000     0.0000     0.0000
  SC390                                0.3242     0.3242     0.0000     0.0000     0.0000     0.0219     0.0219     1.0000     0.0000     0.0000     0.0000     0.0000
  SC382-386                            0.0195     0.0195     0.0000     0.0000     0.0000     0.0017     0.0017     1.0000     0.0000     0.0000     0.0000     0.0000
  SC370-366                            0.2733     0.2733     0.0000     0.0000     0.0000     0.0185     0.0185     1.0000     0.0000     0.0000     0.0000     0.0000
  SC378-374                            0.2035     0.2035     0.0000     0.0000     0.0000     0.0142     0.0142     1.0000     0.0000     0.0000     0.0000     0.0000
  SC362                                0.1376     0.1376     0.0000     0.0000     0.0000     0.0096     0.0096     1.0000     0.0000     0.0000     0.0000     0.0000
  SC346                                0.1890     0.1890     0.0000     0.0000     0.0000     0.0128     0.0128     1.0000     0.0000     0.0000     0.0000     0.0000
  SC350                                0.2061     0.2061     0.0000     0.0000     0.0000     0.0142     0.0142     1.0000     0.0000     0.0000     0.0000     0.0000
  SC354                                0.2063     0.2063     0.0000     0.0000     0.0000     0.0143     0.0143     1.0000     0.0000     0.0000     0.0000     0.0000
  SC358                                0.3042     0.3042     0.0000     0.0000     0.0000     0.0210     0.0210     1.0000     0.0000     0.0000     0.0000     0.0000

************************************
*Node Depth Statistics Comparisons *
************************************
  Node ID                            Mean Sim   Mean Obs       RMSE        MAE      MSLSE    STD Sim    STD Obs Skewn..Sim Skew...Obs  Kurt..Sim  Kurt..Obs    Index D           Log  NSE Nash-Sutcliffe
  15                                  0.0176     0.0174     0.0053     0.0006     0.0000     0.0004     0.0004     0.9978     0.0000     0.0000     0.0000     0.0000
  18                                  0.1221     0.1210     0.0144     0.0018     0.0000     0.0022     0.0021     0.9993     0.0000     0.0000     0.0000     0.0000
  19                                  0.0050     0.0050     0.0017     0.0001     0.0000     0.0001     0.0001     0.9981     0.0000     0.0000     0.0000     0.0000
  20                                  0.0133     0.0132     0.0029     0.0003     0.0000     0.0003     0.0003     0.9990     0.0000     0.0000     0.0000     0.0000
  21                                  0.0338     0.0336     0.0059     0.0006     0.0000     0.0007     0.0007     0.9991     0.0000     0.0000     0.0000     0.0000
  23                                  0.0196     0.0197     0.0083     0.0011     0.0000     0.0005     0.0005     0.9960     0.0000     0.0000     0.0000     0.0000
  24                                  0.0348     0.0345     0.0083     0.0011     0.0000     0.0008     0.0008     0.9986     0.0000     0.0000     0.0000     0.0000
  25                                  0.0000     0.0000     0.0000     0.0000     0.0000     0.0000     0.0000     1.0000     0.0000     0.0000     0.0000     0.0000
  22                                  0.0387     0.0383     0.0063     0.0007     0.0000     0.0009     0.0009     0.9992     0.0000     0.0000     0.0000     0.0000
  DetPond                             0.0162     0.0165     0.0015     0.0002     0.0000     0.0002     0.0002     0.9994     0.0000     0.0000     0.0000     0.0000

*******************************************
*Node Lateral Flow Statistics Comparisons *
*******************************************
  Node ID                            Mean Sim   Mean Obs       RMSE        MAE      MSLSE    STD Sim    STD Obs Skewn..Sim Skew...Obs  Kurt..Sim  Kurt..Obs    Index D           Log  NSE Nash-Sutcliffe
  15                                   0.1828     0.1833     0.1603     0.0064     0.0000     0.0126     0.0126     0.9977     0.0000     0.0000     0.0000     0.0000
  18                                   0.1387     0.1392     0.1246     0.0049     0.0000     0.0096     0.0096     0.9976     0.0000     0.0000     0.0000     0.0000
  19                                   0.3060     0.3069     0.2712     0.0107     0.0000     0.0210     0.0210     0.9976     0.0000     0.0000     0.0000     0.0000
  20                                   0.2079     0.2084     0.1808     0.0073     0.0000     0.0142     0.0143     0.9977     0.0000     0.0000     0.0000     0.0000
  21                                   0.2077     0.2082     0.1790     0.0072     0.0000     0.0142     0.0142     0.9977     0.0000     0.0000     0.0000     0.0000
  23                                   0.3268     0.3275     0.2662     0.0110     0.0000     0.0218     0.0219     0.9979     0.0000     0.0000     0.0000     0.0000
  24                                   0.4813     0.4825     0.4055     0.0166     0.0000     0.0326     0.0327     0.9978     0.0000     0.0000     0.0000     0.0000
  25                                   0.0000     0.0000     0.0000     0.0000     0.0000     0.0000     0.0000     1.0000     0.0000     0.0000     0.0000     0.0000
  22                                   0.1911     0.1914     0.1514     0.0064     0.0000     0.0127     0.0128     0.9980     0.0000     0.0000     0.0000     0.0000
  DetPond                              0.0194     0.0196     0.0361     0.0009     0.0000     0.0016     0.0017     0.9932     0.0000     0.0000     0.0000     0.0000

*****************************************
*Node Total Flow Statistics Comparisons *
*****************************************
  Node ID                            Mean Sim   Mean Obs       RMSE        MAE      MSLSE    STD Sim    STD Obs Skewn..Sim Skew...Obs  Kurt..Sim  Kurt..Obs    Index D           Log  NSE Nash-Sutcliffe
  15                                  0.1828     0.1843     0.2028     0.0066     0.0000     0.0126     0.0127     0.9963     0.0000     0.0000     0.0000     0.0000
  18                                  1.8432     1.8164     1.1516     0.0673     0.0000     0.1062     0.1045     0.9983     0.0000     0.0000     0.0000     0.0000
  19                                  0.3060     0.3084     0.3619     0.0113     0.0000     0.0210     0.0211     0.9958     0.0000     0.0000     0.0000     0.0000
  20                                  0.5105     0.5130     0.4527     0.0191     0.0000     0.0347     0.0348     0.9976     0.0000     0.0000     0.0000     0.0000
  21                                  0.7137     0.7141     0.4583     0.0225     0.0000     0.0460     0.0459     0.9986     0.0000     0.0000     0.0000     0.0000
  23                                  0.5168     0.5193     0.4783     0.0202     0.0000     0.0342     0.0343     0.9972     0.0000     0.0000     0.0000     0.0000
  24                                  0.9917     0.9920     1.0099     0.0690     0.0000     0.0620     0.0620     0.9962     0.0000     0.0000     0.0000     0.0000
  25                                  0.0195     0.0197     0.0015     0.0003     0.0000     0.0003     0.0003     0.9997     0.0000     0.0000     0.0000     0.0000
  22                                  1.9911     1.9371     1.0231     0.0661     0.0000     0.0980     0.0952     0.9983     0.0000     0.0000     0.0000     0.0000
  DetPond                             0.0194     0.0198     0.0411     0.0009     0.0000     0.0016     0.0017     0.9913     0.0000     0.0000     0.0000     0.0000

************************************
*Link Flow Statistics  Comparisons *
************************************
  Link ID                            Mean Sim   Mean Obs       RMSE        MAE      MSLSE    STD Sim    STD Obs Skewn..Sim Skew...Obs  Kurt..Sim  Kurt..Obs    Index D           Log  NSE Nash-Sutcliffe
  R120                                 1.8000     1.7448     1.0348     0.0645     0.0000     0.0904     0.0877     0.9980     0.0000     0.0000     0.0000     0.0000
  R1670                                0.9912     0.9707     0.6924     0.0450     0.0000     0.0554     0.0543     0.9977     0.0000     0.0000     0.0000     0.0000
  R560                                 0.3027     0.3035     0.2826     0.0125     0.0000     0.0206     0.0206     0.9973     0.0000     0.0000     0.0000     0.0000
  R570                                 0.5060     0.5048     0.3353     0.0165     0.0000     0.0327     0.0326     0.9985     0.0000     0.0000     0.0000     0.0000
  R110                                 0.7133     0.7058     0.6511     0.0267     0.0000     0.0442     0.0436     0.9968     0.0000     0.0000     0.0000     0.0000
  R2040                                0.5104     0.5071     0.8082     0.0558     0.0000     0.0312     0.0311     0.9903     0.0000     0.0000     0.0000     0.0000
  R160                                 0.1822     0.1822     0.2074     0.0098     0.0000     0.0125     0.0125     0.9961     0.0000     0.0000     0.0000     0.0000
  15                                   0.0078     0.0079     0.0016     0.0002     0.0000     0.0001     0.0001     0.9979     0.0000     0.0000     0.0000     0.0000
  2                                    0.0195     0.0197     0.0015     0.0003     0.0000     0.0003     0.0003     0.9997     0.0000     0.0000     0.0000     0.0000

*************************************
*Link Depth Statistics  Comparisons *
*************************************
  Link ID                            Mean Sim   Mean Obs       RMSE        MAE      MSLSE    STD Sim    STD Obs Skewn..Sim Skew...Obs  Kurt..Sim  Kurt..Obs    Index D           Log  NSE Nash-Sutcliffe
  R120                                 0.0805     0.0797     0.0100     0.0012     0.0000     0.0015     0.0015     0.9994     0.0000     0.0000     0.0000     0.0000
  R1670                                0.0783     0.0777     0.0101     0.0013     0.0000     0.0015     0.0015     0.9993     0.0000     0.0000     0.0000     0.0000
  R560                                 0.0092     0.0091     0.0022     0.0002     0.0000     0.0002     0.0002     0.9989     0.0000     0.0000     0.0000     0.0000
  R570                                 0.0236     0.0235     0.0043     0.0005     0.0000     0.0005     0.0005     0.9991     0.0000     0.0000     0.0000     0.0000
  R110                                 0.0780     0.0773     0.0094     0.0011     0.0000     0.0014     0.0014     0.9994     0.0000     0.0000     0.0000     0.0000
  R2040                                0.0272     0.0271     0.0056     0.0007     0.0000     0.0007     0.0007     0.9990     0.0000     0.0000     0.0000     0.0000
  R160                                 0.0186     0.0186     0.0050     0.0006     0.0000     0.0005     0.0005     0.9983     0.0000     0.0000     0.0000     0.0000
  15                                   0.0001     0.0001     0.0000     0.0000     0.0000     0.0000     0.0000     1.0000     0.0000     0.0000     0.0000     0.0000
  2                                    0.4768     0.4768     0.0001     0.0000     0.0000     0.0004     0.0004     1.0000     0.0000     0.0000     0.0000     0.0000