

*********************************************
* Binary File Comparison Statistics Section *
*********************************************

   Flog.file                                                D:\SWMMandSoftware\SWMM5.013_June2018\EPASWMM5.1.013\Swmm5.1.013UpdateTests\Hydrology\15_Subs_SI_Units.inp.log
   FoutCompare.file                                         D:\SWMMandSoftware\SWMM5.013_June2018\EPASWMM5.1.013\Swmm5.1.013UpdateTests\v12\15_Subs_SI_Units.out
   Fout.file                                                D:\SWMMandSoftware\SWMM5.013_June2018\EPASWMM5.1.013\Swmm5.1.013UpdateTests\v13\15_Subs_SI_Units.out

   Fout.file Version                                        51013
   Fout.file MagicNumber                                    516114522
   Fout.file Flow units                                     3
   Fout.file Report Step                                    300
   Fout.file Nperiods                                       286
   Fout.file Starting file position of ID names             28
   Fout.file Starting file position of input data           659
   Fout.file Starting file position of output data          2223
   Fout.file number of bytes per time period                2332
   Fout.file Number of subcatchment output variables        8
   Fout.file Number of node output variables                6
   Fout.file Number of link output variables                5
   Fout.file Number of subcatchments reported on            15
   Fout.file Number of nodes reported on                    41
   Fout.file Number of links reported on                    40
   Fout.file Number of pollutants reported on               0

   FoutCompare.file Version                                 51011
   FoutCompare.file MagicNumber                             516114522
   FoutCompare.file Flow units                              3
   FoutCompare.file Nperiods                                286
   FoutCompare.file Starting file position of ID names      28
   FoutCompare.file Starting file position of input data    659
   FoutCompare.file Starting file position of output data   2223
   FoutCompare.file number of bytes per time period         2332
   FoutCompare.file Number of subcatchment output variables 8
   FoutCompare.file Number of node output variables         6
   FoutCompare.file Number of link output variables         5
   FoutCompare.file Number of subcatchments reported on     15
   FoutCompare.file Number of nodes reported on             41
   FoutCompare.file Number of links reported on             40
   FoutCompare.file Number of pollutants reported on        0

***********************************************
*Subcatchment Runoff Statistics Comparisons   *
***********************************************
  Subcatchment ID                    Mean Sim   Mean Obs       RMSE        MAE      MSLSE    STD Sim    STD Obs Skewn..Sim Skew...Obs  Kurt..Sim  Kurt..Obs    Index D           Log  NSE Nash-Sutcliffe
  1                                    1.5689     1.5689     0.0000     0.0000     0.0000     0.3624     0.3624     1.0000     0.0000     0.0000     0.0000     0.0000
  2                                    0.3068     0.3068     0.0000     0.0000     0.0000     0.0708     0.0708     1.0000     0.0000     0.0000     0.0000     0.0000
  3                                    0.5042     0.5042     0.0000     0.0000     0.0000     0.1178     0.1178     1.0000     0.0000     0.0000     0.0000     0.0000
  4                                    0.1224     0.1224     0.0000     0.0000     0.0000     0.0115     0.0115     1.0000     0.0000     0.0000     0.0000     0.0000
  5                                    0.6231     0.6231     0.0000     0.0000     0.0000     0.0852     0.0852     1.0000     0.0000     0.0000     0.0000     0.0000
  6                                    0.1124     0.1124     0.0000     0.0000     0.0000     0.0084     0.0084     1.0000     0.0000     0.0000     0.0000     0.0000
  7                                    0.2205     0.2205     0.0000     0.0000     0.0000     0.0541     0.0541     1.0000     0.0000     0.0000     0.0000     0.0000
  8                                    0.0376     0.0376     0.0000     0.0000     0.0000     0.0041     0.0041     1.0000     0.0000     0.0000     0.0000     0.0000
  9                                    0.4060     0.4060     0.0000     0.0000     0.0000     0.0898     0.0898     1.0000     0.0000     0.0000     0.0000     0.0000
  10                                   0.3209     0.3209     0.0000     0.0000     0.0000     0.0721     0.0721     1.0000     0.0000     0.0000     0.0000     0.0000
  11                                   0.2514     0.2514     0.0000     0.0000     0.0000     0.0569     0.0569     1.0000     0.0000     0.0000     0.0000     0.0000
  12                                   0.1456     0.1456     0.0000     0.0000     0.0000     0.0147     0.0147     1.0000     0.0000     0.0000     0.0000     0.0000
  13                                   0.4320     0.4320     0.0000     0.0000     0.0000     0.0705     0.0705     1.0000     0.0000     0.0000     0.0000     0.0000
  14                                   0.2902     0.2902     0.0000     0.0000     0.0000     0.0388     0.0388     1.0000     0.0000     0.0000     0.0000     0.0000
  15                                   1.2418     1.2418     0.0000     0.0000     0.0000     0.1999     0.1999     1.0000     0.0000     0.0000     0.0000     0.0000

************************************
*Node Depth Statistics Comparisons *
************************************
  Node ID                            Mean Sim   Mean Obs       RMSE        MAE      MSLSE    STD Sim    STD Obs Skewn..Sim Skew...Obs  Kurt..Sim  Kurt..Obs    Index D           Log  NSE Nash-Sutcliffe
  J1                                  0.1633     0.1641     0.0061     0.0028     0.0000     0.0150     0.0151     0.9994     0.0000     0.0000     0.0000     0.0000
  J2                                  0.1823     0.1824     0.0034     0.0012     0.0000     0.0165     0.0165     0.9999     0.0000     0.0000     0.0000     0.0000
  J3                                  0.0285     0.0285     0.0000     0.0000     0.0000     0.0022     0.0022     1.0000     0.0000     0.0000     0.0000     0.0000
  J4                                  0.1158     0.1158     0.0004     0.0000     0.0000     0.0109     0.0109     1.0000     0.0000     0.0000     0.0000     0.0000
  J5                                  0.1013     0.1013     0.0002     0.0000     0.0000     0.0087     0.0087     1.0000     0.0000     0.0000     0.0000     0.0000
  J6                                  0.1014     0.1014     0.0002     0.0000     0.0000     0.0086     0.0086     1.0000     0.0000     0.0000     0.0000     0.0000
  J7                                  0.0574     0.0574     0.0013     0.0002     0.0000     0.0070     0.0069     0.9999     0.0000     0.0000     0.0000     0.0000
  J8                                  0.0866     0.0866     0.0001     0.0000     0.0000     0.0091     0.0091     1.0000     0.0000     0.0000     0.0000     0.0000
  J9                                  0.0519     0.0519     0.0000     0.0000     0.0000     0.0067     0.0067     1.0000     0.0000     0.0000     0.0000     0.0000
  J10                                 0.0875     0.0875     0.0001     0.0000     0.0000     0.0129     0.0129     1.0000     0.0000     0.0000     0.0000     0.0000
  J11                                 0.1008     0.1008     0.0001     0.0000     0.0000     0.0077     0.0077     1.0000     0.0000     0.0000     0.0000     0.0000
  J12                                 0.1713     0.1713     0.0001     0.0000     0.0000     0.0121     0.0121     1.0000     0.0000     0.0000     0.0000     0.0000
  J13                                 0.0789     0.0789     0.0000     0.0000     0.0000     0.0077     0.0077     1.0000     0.0000     0.0000     0.0000     0.0000
  J14                                 0.2567     0.2567     0.0003     0.0000     0.0000     0.0288     0.0288     1.0000     0.0000     0.0000     0.0000     0.0000
  J15                                 0.1836     0.1842     0.0083     0.0006     0.0000     0.0158     0.0158     0.9990     0.0000     0.0000     0.0000     0.0000
  J16                                 0.0000     0.0000     0.0000     0.0000     0.0000     0.0000     0.0000     1.0000     0.0000     0.0000     0.0000     0.0000
  J17                                 0.0000     0.0000     0.0000     0.0000     0.0000     0.0000     0.0000     1.0000     0.0000     0.0000     0.0000     0.0000
  J18                                 0.0000     0.0000     0.0000     0.0000     0.0000     0.0000     0.0000     1.0000     0.0000     0.0000     0.0000     0.0000
  J19                                 0.0000     0.0000     0.0000     0.0000     0.0000     0.0000     0.0000     1.0000     0.0000     0.0000     0.0000     0.0000
  J20                                 0.0000     0.0000     0.0000     0.0000     0.0000     0.0000     0.0000     1.0000     0.0000     0.0000     0.0000     0.0000
  J21                                 0.0000     0.0000     0.0000     0.0000     0.0000     0.0000     0.0000     1.0000     0.0000     0.0000     0.0000     0.0000
  J23                                 0.0000     0.0000     0.0000     0.0000     0.0000     0.0000     0.0000     1.0000     0.0000     0.0000     0.0000     0.0000
  J24                                 0.0000     0.0000     0.0000     0.0000     0.0000     0.0000     0.0000     1.0000     0.0000     0.0000     0.0000     0.0000
  J25                                 0.0000     0.0000     0.0000     0.0000     0.0000     0.0000     0.0000     1.0000     0.0000     0.0000     0.0000     0.0000
  J26                                 0.0000     0.0000     0.0000     0.0000     0.0000     0.0000     0.0000     1.0000     0.0000     0.0000     0.0000     0.0000
  J27                                 0.0000     0.0000     0.0000     0.0000     0.0000     0.0000     0.0000     1.0000     0.0000     0.0000     0.0000     0.0000
  J28                                 0.0000     0.0000     0.0000     0.0000     0.0000     0.0000     0.0000     1.0000     0.0000     0.0000     0.0000     0.0000
  J29                                 0.1683     0.1683     0.0033     0.0011     0.0000     0.0153     0.0153     0.9998     0.0000     0.0000     0.0000     0.0000
  J30                                 0.1842     0.1844     0.0034     0.0008     0.0000     0.0166     0.0166     0.9999     0.0000     0.0000     0.0000     0.0000
  J31                                 0.1207     0.1208     0.0014     0.0001     0.0000     0.0107     0.0107     0.9999     0.0000     0.0000     0.0000     0.0000
  J32                                 0.1147     0.1147     0.0007     0.0001     0.0000     0.0103     0.0103     1.0000     0.0000     0.0000     0.0000     0.0000
  J33                                 0.0731     0.0731     0.0004     0.0000     0.0000     0.0078     0.0078     1.0000     0.0000     0.0000     0.0000     0.0000
  J34                                 0.0651     0.0651     0.0001     0.0000     0.0000     0.0051     0.0051     1.0000     0.0000     0.0000     0.0000     0.0000
  J35                                 0.0000     0.0000     0.0000     0.0000     0.0000     0.0000     0.0000     1.0000     0.0000     0.0000     0.0000     0.0000
  J38                                 0.0867     0.0867     0.0002     0.0000     0.0000     0.0073     0.0073     1.0000     0.0000     0.0000     0.0000     0.0000
  J39                                 0.0746     0.0746     0.0002     0.0000     0.0000     0.0064     0.0064     1.0000     0.0000     0.0000     0.0000     0.0000
  J40                                 0.0000     0.0000     0.0000     0.0000     0.0000     0.0000     0.0000     1.0000     0.0000     0.0000     0.0000     0.0000
  J41                                 0.0000     0.0000     0.0000     0.0000     0.0000     0.0000     0.0000     1.0000     0.0000     0.0000     0.0000     0.0000
  J42                                 0.0000     0.0000     0.0000     0.0000     0.0000     0.0000     0.0000     1.0000     0.0000     0.0000     0.0000     0.0000
  J43                                 0.0000     0.0000     0.0000     0.0000     0.0000     0.0000     0.0000     1.0000     0.0000     0.0000     0.0000     0.0000
  Out1                                0.1672     0.1674     0.0028     0.0006     0.0000     0.0152     0.0152     0.9999     0.0000     0.0000     0.0000     0.0000

*******************************************
*Node Lateral Flow Statistics Comparisons *
*******************************************
  Node ID                            Mean Sim   Mean Obs       RMSE        MAE      MSLSE    STD Sim    STD Obs Skewn..Sim Skew...Obs  Kurt..Sim  Kurt..Obs    Index D           Log  NSE Nash-Sutcliffe
  J1                                   0.3068     0.3068     0.0005     0.0001     0.0000     0.0707     0.0707     1.0000     0.0000     0.0000     0.0000     0.0000
  J2                                   0.5042     0.5042     0.0009     0.0002     0.0000     0.1177     0.1177     1.0000     0.0000     0.0000     0.0000     0.0000
  J3                                   0.1224     0.1224     0.0000     0.0000     0.0000     0.0114     0.0114     1.0000     0.0000     0.0000     0.0000     0.0000
  J4                                   0.6231     0.6231     0.0004     0.0001     0.0000     0.0852     0.0852     1.0000     0.0000     0.0000     0.0000     0.0000
  J5                                   0.1124     0.1124     0.0000     0.0000     0.0000     0.0083     0.0083     1.0000     0.0000     0.0000     0.0000     0.0000
  J6                                   0.2205     0.2205     0.0004     0.0001     0.0000     0.0541     0.0541     1.0000     0.0000     0.0000     0.0000     0.0000
  J7                                   0.0376     0.0376     0.0000     0.0000     0.0000     0.0041     0.0041     1.0000     0.0000     0.0000     0.0000     0.0000
  J8                                   0.4060     0.4060     0.0006     0.0001     0.0000     0.0898     0.0898     1.0000     0.0000     0.0000     0.0000     0.0000
  J9                                   0.3209     0.3209     0.0005     0.0001     0.0000     0.0721     0.0721     1.0000     0.0000     0.0000     0.0000     0.0000
  J10                                  0.2514     0.2514     0.0004     0.0001     0.0000     0.0569     0.0569     1.0000     0.0000     0.0000     0.0000     0.0000
  J11                                  0.1456     0.1456     0.0001     0.0000     0.0000     0.0147     0.0147     1.0000     0.0000     0.0000     0.0000     0.0000
  J12                                  0.4320     0.4320     0.0005     0.0001     0.0000     0.0705     0.0705     1.0000     0.0000     0.0000     0.0000     0.0000
  J13                                  0.2902     0.2902     0.0001     0.0000     0.0000     0.0387     0.0388     1.0000     0.0000     0.0000     0.0000     0.0000
  J14                                  1.2418     1.2418     0.0012     0.0003     0.0000     0.1999     0.1999     1.0000     0.0000     0.0000     0.0000     0.0000
  J15                                  0.0000     0.0000     0.0000     0.0000     0.0000     0.0000     0.0000     1.0000     0.0000     0.0000     0.0000     0.0000
  J16                                  0.0000     0.0000     0.0000     0.0000     0.0000     0.0000     0.0000     1.0000     0.0000     0.0000     0.0000     0.0000
  J17                                  0.0000     0.0000     0.0000     0.0000     0.0000     0.0000     0.0000     1.0000     0.0000     0.0000     0.0000     0.0000
  J18                                  0.0000     0.0000     0.0000     0.0000     0.0000     0.0000     0.0000     1.0000     0.0000     0.0000     0.0000     0.0000
  J19                                  0.0000     0.0000     0.0000     0.0000     0.0000     0.0000     0.0000     1.0000     0.0000     0.0000     0.0000     0.0000
  J20                                  0.0000     0.0000     0.0000     0.0000     0.0000     0.0000     0.0000     1.0000     0.0000     0.0000     0.0000     0.0000
  J21                                  0.0000     0.0000     0.0000     0.0000     0.0000     0.0000     0.0000     1.0000     0.0000     0.0000     0.0000     0.0000
  J23                                  0.0000     0.0000     0.0000     0.0000     0.0000     0.0000     0.0000     1.0000     0.0000     0.0000     0.0000     0.0000
  J24                                  0.0000     0.0000     0.0000     0.0000     0.0000     0.0000     0.0000     1.0000     0.0000     0.0000     0.0000     0.0000
  J25                                  0.0000     0.0000     0.0000     0.0000     0.0000     0.0000     0.0000     1.0000     0.0000     0.0000     0.0000     0.0000
  J26                                  0.0000     0.0000     0.0000     0.0000     0.0000     0.0000     0.0000     1.0000     0.0000     0.0000     0.0000     0.0000
  J27                                  0.0000     0.0000     0.0000     0.0000     0.0000     0.0000     0.0000     1.0000     0.0000     0.0000     0.0000     0.0000
  J28                                  0.0000     0.0000     0.0000     0.0000     0.0000     0.0000     0.0000     1.0000     0.0000     0.0000     0.0000     0.0000
  J29                                  0.0000     0.0000     0.0000     0.0000     0.0000     0.0000     0.0000     1.0000     0.0000     0.0000     0.0000     0.0000
  J30                                  0.0000     0.0000     0.0000     0.0000     0.0000     0.0000     0.0000     1.0000     0.0000     0.0000     0.0000     0.0000
  J31                                  0.0000     0.0000     0.0000     0.0000     0.0000     0.0000     0.0000     1.0000     0.0000     0.0000     0.0000     0.0000
  J32                                  0.0000     0.0000     0.0000     0.0000     0.0000     0.0000     0.0000     1.0000     0.0000     0.0000     0.0000     0.0000
  J33                                  0.0000     0.0000     0.0000     0.0000     0.0000     0.0000     0.0000     1.0000     0.0000     0.0000     0.0000     0.0000
  J34                                  0.0000     0.0000     0.0000     0.0000     0.0000     0.0000     0.0000     1.0000     0.0000     0.0000     0.0000     0.0000
  J35                                  0.0000     0.0000     0.0000     0.0000     0.0000     0.0000     0.0000     1.0000     0.0000     0.0000     0.0000     0.0000
  J38                                  0.0000     0.0000     0.0000     0.0000     0.0000     0.0000     0.0000     1.0000     0.0000     0.0000     0.0000     0.0000
  J39                                  0.0000     0.0000     0.0000     0.0000     0.0000     0.0000     0.0000     1.0000     0.0000     0.0000     0.0000     0.0000
  J40                                  0.0000     0.0000     0.0000     0.0000     0.0000     0.0000     0.0000     1.0000     0.0000     0.0000     0.0000     0.0000
  J41                                  0.0000     0.0000     0.0000     0.0000     0.0000     0.0000     0.0000     1.0000     0.0000     0.0000     0.0000     0.0000
  J42                                  0.0000     0.0000     0.0000     0.0000     0.0000     0.0000     0.0000     1.0000     0.0000     0.0000     0.0000     0.0000
  J43                                  0.0000     0.0000     0.0000     0.0000     0.0000     0.0000     0.0000     1.0000     0.0000     0.0000     0.0000     0.0000
  Out1                                 1.5689     1.5689     0.0027     0.0005     0.0000     0.3624     0.3624     1.0000     0.0000     0.0000     0.0000     0.0000

*****************************************
*Node Total Flow Statistics Comparisons *
*****************************************
  Node ID                            Mean Sim   Mean Obs       RMSE        MAE      MSLSE    STD Sim    STD Obs Skewn..Sim Skew...Obs  Kurt..Sim  Kurt..Obs    Index D           Log  NSE Nash-Sutcliffe
  J1                                  0.3573     0.3567     0.1431     0.0502     0.0005     0.0750     0.0750     0.9872     0.0000     0.0000     0.0000     0.0000
  J2                                  1.0448     1.0439     0.0195     0.0053     0.0001     0.1539     0.1540     0.9999     0.0000     0.0000     0.0000     0.0000
  J3                                  0.1224     0.1224     0.0000     0.0000     0.0000     0.0114     0.0114     1.0000     0.0000     0.0000     0.0000     0.0000
  J4                                  0.6231     0.6231     0.0001     0.0000     0.0000     0.0852     0.0852     1.0000     0.0000     0.0000     0.0000     0.0000
  J5                                  0.5579     0.5576     0.0041     0.0004     0.0000     0.0676     0.0676     1.0000     0.0000     0.0000     0.0000     0.0000
  J6                                  1.0731     1.0723     0.0110     0.0009     0.0000     0.1146     0.1145     1.0000     0.0000     0.0000     0.0000     0.0000
  J7                                  0.3824     0.3854     0.1189     0.0166     0.0004     0.0635     0.0642     0.9879     0.0000     0.0000     0.0000     0.0000
  J8                                  0.4060     0.4060     0.0002     0.0000     0.0000     0.0898     0.0898     1.0000     0.0000     0.0000     0.0000     0.0000
  J9                                  0.3281     0.3348     0.0751     0.0068     0.0003     0.0749     0.0772     0.9967     0.0000     0.0000     0.0000     0.0000
  J10                                 0.2514     0.2514     0.0001     0.0000     0.0000     0.0569     0.0569     1.0000     0.0000     0.0000     0.0000     0.0000
  J11                                 0.1456     0.1456     0.0000     0.0000     0.0000     0.0147     0.0147     1.0000     0.0000     0.0000     0.0000     0.0000
  J12                                 0.6996     0.6996     0.0001     0.0000     0.0000     0.0996     0.0996     1.0000     0.0000     0.0000     0.0000     0.0000
  J13                                 0.2902     0.2902     0.0000     0.0000     0.0000     0.0387     0.0387     1.0000     0.0000     0.0000     0.0000     0.0000
  J14                                 1.2418     1.2418     0.0004     0.0001     0.0000     0.1999     0.1999     1.0000     0.0000     0.0000     0.0000     0.0000
  J15                                 1.8059     1.8083     0.0353     0.0027     0.0001     0.2031     0.2032     0.9999     0.0000     0.0000     0.0000     0.0000
  J16                                 0.0000     0.0000     0.0000     0.0000     0.0000     0.0000     0.0000     1.0000     0.0000     0.0000     0.0000     0.0000
  J17                                 0.0000     0.0000     0.0000     0.0000     0.0000     0.0000     0.0000     1.0000     0.0000     0.0000     0.0000     0.0000
  J18                                 0.0000     0.0000     0.0000     0.0000     0.0000     0.0000     0.0000     1.0000     0.0000     0.0000     0.0000     0.0000
  J19                                 0.0000     0.0000     0.0000     0.0000     0.0000     0.0000     0.0000     1.0000     0.0000     0.0000     0.0000     0.0000
  J20                                 0.0000     0.0000     0.0000     0.0000     0.0000     0.0000     0.0000     1.0000     0.0000     0.0000     0.0000     0.0000
  J21                                 0.0000     0.0000     0.0000     0.0000     0.0000     0.0000     0.0000     1.0000     0.0000     0.0000     0.0000     0.0000
  J23                                 0.0000     0.0000     0.0000     0.0000     0.0000     0.0000     0.0000     1.0000     0.0000     0.0000     0.0000     0.0000
  J24                                 0.0000     0.0000     0.0000     0.0000     0.0000     0.0000     0.0000     1.0000     0.0000     0.0000     0.0000     0.0000
  J25                                 0.0000     0.0000     0.0000     0.0000     0.0000     0.0000     0.0000     1.0000     0.0000     0.0000     0.0000     0.0000
  J26                                 0.0000     0.0000     0.0000     0.0000     0.0000     0.0000     0.0000     1.0000     0.0000     0.0000     0.0000     0.0000
  J27                                 0.0000     0.0000     0.0000     0.0000     0.0000     0.0000     0.0000     1.0000     0.0000     0.0000     0.0000     0.0000
  J28                                 0.0000     0.0000     0.0000     0.0000     0.0000     0.0000     0.0000     1.0000     0.0000     0.0000     0.0000     0.0000
  J29                                 3.0642     3.0469     0.2933     0.1196     0.0010     0.3689     0.3680     0.9978     0.0000     0.0000     0.0000     0.0000
  J30                                 2.8394     2.8673     0.2587     0.1096     0.0009     0.3458     0.3456     0.9980     0.0000     0.0000     0.0000     0.0000
  J31                                 1.8020     1.8026     0.0131     0.0011     0.0000     0.2030     0.2030     1.0000     0.0000     0.0000     0.0000     0.0000
  J32                                 1.6759     1.6759     0.0056     0.0006     0.0000     0.1926     0.1926     1.0000     0.0000     0.0000     0.0000     0.0000
  J33                                 0.5019     0.5019     0.0020     0.0003     0.0000     0.0748     0.0748     1.0000     0.0000     0.0000     0.0000     0.0000
  J34                                 0.4449     0.4449     0.0010     0.0001     0.0000     0.0401     0.0401     1.0000     0.0000     0.0000     0.0000     0.0000
  J35                                 0.0000     0.0000     0.0000     0.0000     0.0000     0.0000     0.0000     1.0000     0.0000     0.0000     0.0000     0.0000
  J38                                 1.0523     1.0523     0.0014     0.0002     0.0000     0.1104     0.1104     1.0000     0.0000     0.0000     0.0000     0.0000
  J39                                 0.5386     0.5386     0.0004     0.0000     0.0000     0.0543     0.0543     1.0000     0.0000     0.0000     0.0000     0.0000
  J40                                 0.0000     0.0000     0.0000     0.0000     0.0000     0.0000     0.0000     1.0000     0.0000     0.0000     0.0000     0.0000
  J41                                 0.0000     0.0000     0.0000     0.0000     0.0000     0.0000     0.0000     1.0000     0.0000     0.0000     0.0000     0.0000
  J42                                 0.0000     0.0000     0.0000     0.0000     0.0000     0.0000     0.0000     1.0000     0.0000     0.0000     0.0000     0.0000
  J43                                 0.0000     0.0000     0.0000     0.0000     0.0000     0.0000     0.0000     1.0000     0.0000     0.0000     0.0000     0.0000
  Out1                                4.5671     4.5720     0.0789     0.0152     0.0003     0.6927     0.6934     1.0000     0.0000     0.0000     0.0000     0.0000

************************************
*Link Flow Statistics  Comparisons *
************************************
  Link ID                            Mean Sim   Mean Obs       RMSE        MAE      MSLSE    STD Sim    STD Obs Skewn..Sim Skew...Obs  Kurt..Sim  Kurt..Obs    Index D           Log  NSE Nash-Sutcliffe
  C1                                   2.9981     3.0031     0.0784     0.0150     0.0003     0.3628     0.3632     0.9998     0.0000     0.0000     0.0000     0.0000
  C2                                   0.1608     0.1389     0.3772     0.1633     0.0013     0.0411     0.0395     0.6789     0.0000     0.0000     0.0000     0.0000
  C3                                   2.8529     2.8581     0.0680     0.0099     0.0002     0.3452     0.3455     0.9999     0.0000     0.0000     0.0000     0.0000
  C4                                   1.0351     1.0579     0.2554     0.1090     0.0009     0.1534     0.1530     0.9902     0.0000     0.0000     0.0000     0.0000
  C5                                   1.8014     1.8073     0.0775     0.0063     0.0003     0.2027     0.2027     0.9995     0.0000     0.0000     0.0000     0.0000
  C6                                   1.8059     1.8083     0.0353     0.0027     0.0001     0.2031     0.2032     0.9999     0.0000     0.0000     0.0000     0.0000
  C7                                   1.6799     1.6805     0.0131     0.0011     0.0000     0.1925     0.1925     1.0000     0.0000     0.0000     0.0000     0.0000
  C8                                   0.1221     0.1221     0.0000     0.0000     0.0000     0.0114     0.0114     1.0000     0.0000     0.0000     0.0000     0.0000
  C9                                   0.6255     0.6257     0.0041     0.0003     0.0000     0.0851     0.0852     1.0000     0.0000     0.0000     0.0000     0.0000
  C11                                  0.3906     0.3900     0.0106     0.0010     0.0000     0.0477     0.0477     0.9998     0.0000     0.0000     0.0000     0.0000
  C12                                  0.4271     0.4269     0.0032     0.0002     0.0000     0.0577     0.0577     1.0000     0.0000     0.0000     0.0000     0.0000
  C13                                  0.3784     0.3783     0.0018     0.0002     0.0000     0.0619     0.0618     1.0000     0.0000     0.0000     0.0000     0.0000
  C14                                  0.1236     0.1235     0.0003     0.0000     0.0000     0.0147     0.0147     1.0000     0.0000     0.0000     0.0000     0.0000
  C16                                  0.1125     0.1049     0.0804     0.0080     0.0003     0.0205     0.0211     0.9491     0.0000     0.0000     0.0000     0.0000
  C17                                  0.2675     0.2675     0.0001     0.0000     0.0000     0.0332     0.0332     1.0000     0.0000     0.0000     0.0000     0.0000
  C18                                  0.1445     0.1444     0.0001     0.0000     0.0000     0.0144     0.0144     1.0000     0.0000     0.0000     0.0000     0.0000
  C19                                  0.3005     0.3004     0.0009     0.0001     0.0000     0.0268     0.0268     1.0000     0.0000     0.0000     0.0000     0.0000
  C20                                  0.4435     0.4434     0.0008     0.0001     0.0000     0.0400     0.0400     1.0000     0.0000     0.0000     0.0000     0.0000
  C22                                  0.0000     0.0000     0.0000     0.0000     0.0000     0.0000     0.0000     1.0000     0.0000     0.0000     0.0000     0.0000
  C23                                  0.0000     0.0000     0.0000     0.0000     0.0000     0.0000     0.0000     1.0000     0.0000     0.0000     0.0000     0.0000
  C25                                  0.0000     0.0000     0.0000     0.0000     0.0000     0.0000     0.0000     1.0000     0.0000     0.0000     0.0000     0.0000
  C26                                  0.0000     0.0000     0.0000     0.0000     0.0000     0.0000     0.0000     1.0000     0.0000     0.0000     0.0000     0.0000
  C28                                  0.0000     0.0000     0.0000     0.0000     0.0000     0.0000     0.0000     1.0000     0.0000     0.0000     0.0000     0.0000
  C30                                  0.0000     0.0000     0.0000     0.0000     0.0000     0.0000     0.0000     1.0000     0.0000     0.0000     0.0000     0.0000
  C31                                  0.0000     0.0000     0.0000     0.0000     0.0000     0.0000     0.0000     1.0000     0.0000     0.0000     0.0000     0.0000
  C33                                  0.0000     0.0000     0.0000     0.0000     0.0000     0.0000     0.0000     1.0000     0.0000     0.0000     0.0000     0.0000
  C35                                  0.0000     0.0000     0.0000     0.0000     0.0000     0.0000     0.0000     1.0000     0.0000     0.0000     0.0000     0.0000
  C10                                  1.0504     1.0502     0.0040     0.0003     0.0000     0.1098     0.1097     1.0000     0.0000     0.0000     0.0000     0.0000
  C38                                  1.0523     1.0523     0.0014     0.0002     0.0000     0.1104     0.1104     1.0000     0.0000     0.0000     0.0000     0.0000
  C21                                  0.5376     0.5375     0.0016     0.0001     0.0000     0.0541     0.0541     1.0000     0.0000     0.0000     0.0000     0.0000
  C39                                  0.5386     0.5386     0.0004     0.0000     0.0000     0.0543     0.0543     1.0000     0.0000     0.0000     0.0000     0.0000
  C24                                  0.0000     0.0000     0.0000     0.0000     0.0000     0.0000     0.0000     1.0000     0.0000     0.0000     0.0000     0.0000
  C41                                  0.0000     0.0000     0.0000     0.0000     0.0000     0.0000     0.0000     1.0000     0.0000     0.0000     0.0000     0.0000
  C27                                  0.0000     0.0000     0.0000     0.0000     0.0000     0.0000     0.0000     1.0000     0.0000     0.0000     0.0000     0.0000
  C42                                  0.0000     0.0000     0.0000     0.0000     0.0000     0.0000     0.0000     1.0000     0.0000     0.0000     0.0000     0.0000
  C32                                  0.0000     0.0000     0.0000     0.0000     0.0000     0.0000     0.0000     1.0000     0.0000     0.0000     0.0000     0.0000
  C43                                  0.0000     0.0000     0.0000     0.0000     0.0000     0.0000     0.0000     1.0000     0.0000     0.0000     0.0000     0.0000
  C34                                  0.0000     0.0000     0.0000     0.0000     0.0000     0.0000     0.0000     1.0000     0.0000     0.0000     0.0000     0.0000
  C15                                  0.2252     0.2289     0.1248     0.0177     0.0004     0.0489     0.0500     0.9781     0.0000     0.0000     0.0000     0.0000
  C45                                  0.0000     0.0000     0.0000     0.0000     0.0000     0.0000     0.0000     1.0000     0.0000     0.0000     0.0000     0.0000

*************************************
*Link Depth Statistics  Comparisons *
*************************************
  Link ID                            Mean Sim   Mean Obs       RMSE        MAE      MSLSE    STD Sim    STD Obs Skewn..Sim Skew...Obs  Kurt..Sim  Kurt..Obs    Index D           Log  NSE Nash-Sutcliffe
  C1                                   0.1678     0.1679     0.0029     0.0008     0.0000     0.0152     0.0152     0.9999     0.0000     0.0000     0.0000     0.0000
  C2                                   0.1657     0.1661     0.0031     0.0011     0.0000     0.0151     0.0152     0.9998     0.0000     0.0000     0.0000     0.0000
  C3                                   0.1762     0.1764     0.0031     0.0009     0.0000     0.0159     0.0159     0.9999     0.0000     0.0000     0.0000     0.0000
  C4                                   0.1832     0.1834     0.0027     0.0004     0.0000     0.0166     0.0166     0.9999     0.0000     0.0000     0.0000     0.0000
  C5                                   0.1839     0.1843     0.0057     0.0007     0.0000     0.0162     0.0162     0.9996     0.0000     0.0000     0.0000     0.0000
  C6                                   0.1522     0.1525     0.0048     0.0003     0.0000     0.0132     0.0132     0.9995     0.0000     0.0000     0.0000     0.0000
  C7                                   0.1177     0.1178     0.0010     0.0001     0.0000     0.0105     0.0105     1.0000     0.0000     0.0000     0.0000     0.0000
  C8                                   0.0746     0.0747     0.0007     0.0000     0.0000     0.0064     0.0064     1.0000     0.0000     0.0000     0.0000     0.0000
  C9                                   0.1153     0.1153     0.0006     0.0000     0.0000     0.0106     0.0106     1.0000     0.0000     0.0000     0.0000     0.0000
  C11                                  0.1013     0.1013     0.0002     0.0000     0.0000     0.0086     0.0086     1.0000     0.0000     0.0000     0.0000     0.0000
  C12                                  0.0872     0.0872     0.0003     0.0000     0.0000     0.0082     0.0082     1.0000     0.0000     0.0000     0.0000     0.0000
  C13                                  0.0650     0.0650     0.0002     0.0000     0.0000     0.0072     0.0072     1.0000     0.0000     0.0000     0.0000     0.0000
  C14                                  0.0799     0.0799     0.0003     0.0000     0.0000     0.0084     0.0084     1.0000     0.0000     0.0000     0.0000     0.0000
  C16                                  0.0544     0.0543     0.0001     0.0000     0.0000     0.0068     0.0068     1.0000     0.0000     0.0000     0.0000     0.0000
  C17                                  0.1252     0.1252     0.0001     0.0000     0.0000     0.0095     0.0095     1.0000     0.0000     0.0000     0.0000     0.0000
  C18                                  0.0829     0.0829     0.0001     0.0000     0.0000     0.0063     0.0063     1.0000     0.0000     0.0000     0.0000     0.0000
  C19                                  0.1182     0.1182     0.0001     0.0000     0.0000     0.0085     0.0085     1.0000     0.0000     0.0000     0.0000     0.0000
  C20                                  0.0833     0.0833     0.0002     0.0000     0.0000     0.0068     0.0068     1.0000     0.0000     0.0000     0.0000     0.0000
  C22                                  0.0000     0.0000     0.0000     0.0000     0.0000     0.0000     0.0000     1.0000     0.0000     0.0000     0.0000     0.0000
  C23                                  0.0817     0.0821     0.0031     0.0014     0.0000     0.0075     0.0075     0.9994     0.0000     0.0000     0.0000     0.0000
  C25                                  0.1284     0.1284     0.0002     0.0000     0.0000     0.0144     0.0144     1.0000     0.0000     0.0000     0.0000     0.0000
  C26                                  0.0579     0.0579     0.0002     0.0000     0.0000     0.0055     0.0055     1.0000     0.0000     0.0000     0.0000     0.0000
  C28                                  0.0504     0.0504     0.0000     0.0000     0.0000     0.0038     0.0038     1.0000     0.0000     0.0000     0.0000     0.0000
  C30                                  0.0395     0.0395     0.0000     0.0000     0.0000     0.0039     0.0039     1.0000     0.0000     0.0000     0.0000     0.0000
  C31                                  0.0000     0.0000     0.0000     0.0000     0.0000     0.0000     0.0000     1.0000     0.0000     0.0000     0.0000     0.0000
  C33                                  0.0260     0.0260     0.0000     0.0000     0.0000     0.0034     0.0034     1.0000     0.0000     0.0000     0.0000     0.0000
  C35                                  0.0433     0.0433     0.0001     0.0000     0.0000     0.0046     0.0046     1.0000     0.0000     0.0000     0.0000     0.0000
  C10                                  0.1007     0.1007     0.0004     0.0000     0.0000     0.0088     0.0088     1.0000     0.0000     0.0000     0.0000     0.0000
  C38                                  0.0941     0.0941     0.0002     0.0000     0.0000     0.0079     0.0079     1.0000     0.0000     0.0000     0.0000     0.0000
  C21                                  0.1284     0.1285     0.0017     0.0006     0.0000     0.0113     0.0114     0.9999     0.0000     0.0000     0.0000     0.0000
  C39                                  0.1011     0.1011     0.0001     0.0000     0.0000     0.0087     0.0087     1.0000     0.0000     0.0000     0.0000     0.0000
  C24                                  0.0638     0.0638     0.0000     0.0000     0.0000     0.0055     0.0055     1.0000     0.0000     0.0000     0.0000     0.0000
  C41                                  0.0000     0.0000     0.0000     0.0000     0.0000     0.0000     0.0000     1.0000     0.0000     0.0000     0.0000     0.0000
  C27                                  0.0000     0.0000     0.0000     0.0000     0.0000     0.0000     0.0000     1.0000     0.0000     0.0000     0.0000     0.0000
  C42                                  0.0000     0.0000     0.0000     0.0000     0.0000     0.0000     0.0000     1.0000     0.0000     0.0000     0.0000     0.0000
  C32                                  0.0857     0.0857     0.0001     0.0000     0.0000     0.0061     0.0061     1.0000     0.0000     0.0000     0.0000     0.0000
  C43                                  0.0000     0.0000     0.0000     0.0000     0.0000     0.0000     0.0000     1.0000     0.0000     0.0000     0.0000     0.0000
  C34                                  0.0438     0.0438     0.0001     0.0000     0.0000     0.0064     0.0064     1.0000     0.0000     0.0000     0.0000     0.0000
  C15                                  0.0725     0.0725     0.0006     0.0001     0.0000     0.0099     0.0099     1.0000     0.0000     0.0000     0.0000     0.0000
  C45                                  0.0000     0.0000     0.0000     0.0000     0.0000     0.0000     0.0000     1.0000     0.0000     0.0000     0.0000     0.0000