

*********************************************
* Binary File Comparison Statistics Section *
*********************************************

   Flog.file                                                D:\SWMMandSoftware\SWMM5.013_June2018\EPASWMM5.1.013\Swmm5.1.013UpdateTests\Hydrology\6426694-infiltration_detetention_pond.inp.log
   FoutCompare.file                                         D:\SWMMandSoftware\SWMM5.013_June2018\EPASWMM5.1.013\Swmm5.1.013UpdateTests\v12\6426694-infiltration_detetention_pond.out
   Fout.file                                                D:\SWMMandSoftware\SWMM5.013_June2018\EPASWMM5.1.013\Swmm5.1.013UpdateTests\v13\6426694-infiltration_detetention_pond.out

   Fout.file Version                                        51013
   Fout.file MagicNumber                                    516114522
   Fout.file Flow units                                     0
   Fout.file Report Step                                    60
   Fout.file Nperiods                                       2160
   Fout.file Starting file position of ID names             28
   Fout.file Starting file position of input data           138
   Fout.file Starting file position of output data          518
   Fout.file number of bytes per time period                284
   Fout.file Number of subcatchment output variables        8
   Fout.file Number of node output variables                6
   Fout.file Number of link output variables                5
   Fout.file Number of subcatchments reported on            0
   Fout.file Number of nodes reported on                    4
   Fout.file Number of links reported on                    6
   Fout.file Number of pollutants reported on               0

   FoutCompare.file Version                                 51011
   FoutCompare.file MagicNumber                             516114522
   FoutCompare.file Flow units                              0
   FoutCompare.file Nperiods                                2160
   FoutCompare.file Starting file position of ID names      28
   FoutCompare.file Starting file position of input data    138
   FoutCompare.file Starting file position of output data   518
   FoutCompare.file number of bytes per time period         284
   FoutCompare.file Number of subcatchment output variables 8
   FoutCompare.file Number of node output variables         6
   FoutCompare.file Number of link output variables         5
   FoutCompare.file Number of subcatchments reported on     0
   FoutCompare.file Number of nodes reported on             4
   FoutCompare.file Number of links reported on             6
   FoutCompare.file Number of pollutants reported on        0

************************************
*Node Depth Statistics Comparisons *
************************************
  Node ID                            Mean Sim   Mean Obs       RMSE        MAE      MSLSE    STD Sim    STD Obs Skewn..Sim Skew...Obs  Kurt..Sim  Kurt..Obs    Index D           Log  NSE Nash-Sutcliffe
  Inlet                               0.3883     0.3883     0.0000     0.0000     0.0000     0.0086     0.0086     1.0000     0.0000     0.0000     0.0000     0.0000
  StreamOutfall                       0.5433     0.5433     0.0001     0.0000     0.0000     0.0106     0.0106     1.0000     0.0000     0.0000     0.0000     0.0000
  Pond                                4.7152     4.7152     0.0000     0.0000     0.0000     0.0206     0.0206     1.0000     0.0000     0.0000     0.0000     0.0000
  Box                                 0.6359     0.6359     0.0004     0.0001     0.0000     0.0122     0.0122     1.0000     0.0000     0.0000     0.0000     0.0000

*******************************************
*Node Lateral Flow Statistics Comparisons *
*******************************************
  Node ID                            Mean Sim   Mean Obs       RMSE        MAE      MSLSE    STD Sim    STD Obs Skewn..Sim Skew...Obs  Kurt..Sim  Kurt..Obs    Index D           Log  NSE Nash-Sutcliffe
  Inlet                                6.6619     6.6589     0.0068     0.0039     0.0000     0.1435     0.1435     1.0000     0.0000     0.0000     0.0000     0.0000
  StreamOutfall                        0.0000     0.0000     0.0000     0.0000     0.0000     0.0000     0.0000     1.0000     0.0000     0.0000     0.0000     0.0000
  Pond                                 0.0000     0.0000     0.0000     0.0000     0.0000     0.0000     0.0000     1.0000     0.0000     0.0000     0.0000     0.0000
  Box                                  0.0000     0.0000     0.0000     0.0000     0.0000     0.0000     0.0000     1.0000     0.0000     0.0000     0.0000     0.0000

*****************************************
*Node Total Flow Statistics Comparisons *
*****************************************
  Node ID                            Mean Sim   Mean Obs       RMSE        MAE      MSLSE    STD Sim    STD Obs Skewn..Sim Skew...Obs  Kurt..Sim  Kurt..Obs    Index D           Log  NSE Nash-Sutcliffe
  Inlet                               6.6619     6.6619     0.0000     0.0000     0.0000     0.1435     0.1435     1.0000     0.0000     0.0000     0.0000     0.0000
  StreamOutfall                       5.3452     5.3452     0.0005     0.0004     0.0000     0.1255     0.1255     1.0000     0.0000     0.0000     0.0000     0.0000
  Pond                                6.6622     6.6622     0.0004     0.0003     0.0000     0.1433     0.1433     1.0000     0.0000     0.0000     0.0000     0.0000
  Box                                 5.3452     5.3452     0.0003     0.0002     0.0000     0.1255     0.1255     1.0000     0.0000     0.0000     0.0000     0.0000

************************************
*Link Flow Statistics  Comparisons *
************************************
  Link ID                            Mean Sim   Mean Obs       RMSE        MAE      MSLSE    STD Sim    STD Obs Skewn..Sim Skew...Obs  Kurt..Sim  Kurt..Obs    Index D           Log  NSE Nash-Sutcliffe
  LinkOut                              5.3452     5.3452     0.0005     0.0004     0.0000     0.1255     0.1255     1.0000     0.0000     0.0000     0.0000     0.0000
  LinkIn                               6.6622     6.6622     0.0004     0.0003     0.0000     0.1433     0.1433     1.0000     0.0000     0.0000     0.0000     0.0000
  Orifice1                             0.8536     0.8536     0.0000     0.0000     0.0000     0.0161     0.0161     1.0000     0.0000     0.0000     0.0000     0.0000
  Orifice2                             0.8536     0.8536     0.0000     0.0000     0.0000     0.0161     0.0161     1.0000     0.0000     0.0000     0.0000     0.0000
  LargeOrifice                         3.6050     3.6050     0.0002     0.0001     0.0000     0.0944     0.0944     1.0000     0.0000     0.0000     0.0000     0.0000
  Weir                                 0.0331     0.0331     0.0000     0.0000     0.0000     0.0022     0.0022     1.0000     0.0000     0.0000     0.0000     0.0000

*************************************
*Link Depth Statistics  Comparisons *
*************************************
  Link ID                            Mean Sim   Mean Obs       RMSE        MAE      MSLSE    STD Sim    STD Obs Skewn..Sim Skew...Obs  Kurt..Sim  Kurt..Obs    Index D           Log  NSE Nash-Sutcliffe
  LinkOut                              0.5896     0.5896     0.0002     0.0001     0.0000     0.0114     0.0114     1.0000     0.0000     0.0000     0.0000     0.0000
  LinkIn                               1.6941     1.6941     0.0000     0.0000     0.0000     0.0043     0.0043     1.0000     0.0000     0.0000     0.0000     0.0000
  Orifice1                             0.1571     0.1571     0.0000     0.0000     0.0000     0.0025     0.0025     1.0000     0.0000     0.0000     0.0000     0.0000
  Orifice2                             0.1571     0.1571     0.0000     0.0000     0.0000     0.0025     0.0025     1.0000     0.0000     0.0000     0.0000     0.0000
  LargeOrifice                         0.4155     0.4156     0.0000     0.0000     0.0000     0.0096     0.0096     1.0000     0.0000     0.0000     0.0000     0.0000
  Weir                                 0.0220     0.0220     0.0000     0.0000     0.0000     0.0014     0.0014     1.0000     0.0000     0.0000     0.0000     0.0000