

*********************************************
* Binary File Comparison Statistics Section *
*********************************************

   Flog.file                                                D:\SWMMandSoftware\SWMM5.013_June2018\EPASWMM5.1.013\Swmm5.1.013UpdateTests\Hydrology\AkanYen.inp.log
   FoutCompare.file                                         D:\SWMMandSoftware\SWMM5.013_June2018\EPASWMM5.1.013\Swmm5.1.013UpdateTests\v12\AkanYen.out
   Fout.file                                                D:\SWMMandSoftware\SWMM5.013_June2018\EPASWMM5.1.013\Swmm5.1.013UpdateTests\v13\AkanYen.out

   Fout.file Version                                        51013
   Fout.file MagicNumber                                    516114522
   Fout.file Flow units                                     3
   Fout.file Report Step                                    60
   Fout.file Nperiods                                       480
   Fout.file Starting file position of ID names             28
   Fout.file Starting file position of input data           93
   Fout.file Starting file position of output data          509
   Fout.file number of bytes per time period                356
   Fout.file Number of subcatchment output variables        8
   Fout.file Number of node output variables                6
   Fout.file Number of link output variables                5
   Fout.file Number of subcatchments reported on            0
   Fout.file Number of nodes reported on                    7
   Fout.file Number of links reported on                    6
   Fout.file Number of pollutants reported on               0

   FoutCompare.file Version                                 51011
   FoutCompare.file MagicNumber                             516114522
   FoutCompare.file Flow units                              3
   FoutCompare.file Nperiods                                480
   FoutCompare.file Starting file position of ID names      28
   FoutCompare.file Starting file position of input data    93
   FoutCompare.file Starting file position of output data   509
   FoutCompare.file number of bytes per time period         356
   FoutCompare.file Number of subcatchment output variables 8
   FoutCompare.file Number of node output variables         6
   FoutCompare.file Number of link output variables         5
   FoutCompare.file Number of subcatchments reported on     0
   FoutCompare.file Number of nodes reported on             7
   FoutCompare.file Number of links reported on             6
   FoutCompare.file Number of pollutants reported on        0

************************************
*Node Depth Statistics Comparisons *
************************************
  Node ID                            Mean Sim   Mean Obs       RMSE        MAE      MSLSE    STD Sim    STD Obs Skewn..Sim Skew...Obs  Kurt..Sim  Kurt..Obs    Index D           Log  NSE Nash-Sutcliffe
  1                                   0.1062     0.1062     0.0000     0.0000     0.0000     0.0117     0.0117     1.0000     0.0000     0.0000     0.0000     0.0000
  2                                   0.0991     0.0991     0.0000     0.0000     0.0000     0.0095     0.0095     1.0000     0.0000     0.0000     0.0000     0.0000
  3                                   0.0991     0.0991     0.0000     0.0000     0.0000     0.0095     0.0095     1.0000     0.0000     0.0000     0.0000     0.0000
  4                                   0.1262     0.1262     0.0000     0.0000     0.0000     0.0107     0.0107     1.0000     0.0000     0.0000     0.0000     0.0000
  5                                   0.1278     0.1278     0.0000     0.0000     0.0000     0.0088     0.0088     1.0000     0.0000     0.0000     0.0000     0.0000
  6                                   0.0474     0.0474     0.0000     0.0000     0.0000     0.0044     0.0044     1.0000     0.0000     0.0000     0.0000     0.0000
  7                                   0.0846     0.0846     0.0000     0.0000     0.0000     0.0066     0.0066     1.0000     0.0000     0.0000     0.0000     0.0000

*******************************************
*Node Lateral Flow Statistics Comparisons *
*******************************************
  Node ID                            Mean Sim   Mean Obs       RMSE        MAE      MSLSE    STD Sim    STD Obs Skewn..Sim Skew...Obs  Kurt..Sim  Kurt..Obs    Index D           Log  NSE Nash-Sutcliffe
  1                                    0.5438     0.5437     0.0020     0.0004     0.0000     0.0774     0.0774     1.0000     0.0000     0.0000     0.0000     0.0000
  2                                    0.2500     0.2500     0.0008     0.0000     0.0000     0.0303     0.0303     1.0000     0.0000     0.0000     0.0000     0.0000
  3                                    0.2500     0.2500     0.0008     0.0000     0.0000     0.0303     0.0303     1.0000     0.0000     0.0000     0.0000     0.0000
  4                                    0.0000     0.0000     0.0000     0.0000     0.0000     0.0000     0.0000     1.0000     0.0000     0.0000     0.0000     0.0000
  5                                    0.0000     0.0000     0.0000     0.0000     0.0000     0.0000     0.0000     1.0000     0.0000     0.0000     0.0000     0.0000
  6                                    0.0000     0.0000     0.0000     0.0000     0.0000     0.0000     0.0000     1.0000     0.0000     0.0000     0.0000     0.0000
  7                                    0.0000     0.0000     0.0000     0.0000     0.0000     0.0000     0.0000     1.0000     0.0000     0.0000     0.0000     0.0000

*****************************************
*Node Total Flow Statistics Comparisons *
*****************************************
  Node ID                            Mean Sim   Mean Obs       RMSE        MAE      MSLSE    STD Sim    STD Obs Skewn..Sim Skew...Obs  Kurt..Sim  Kurt..Obs    Index D           Log  NSE Nash-Sutcliffe
  1                                   0.5438     0.5438     0.0000     0.0000     0.0000     0.0774     0.0774     1.0000     0.0000     0.0000     0.0000     0.0000
  2                                   0.2500     0.2500     0.0000     0.0000     0.0000     0.0303     0.0303     1.0000     0.0000     0.0000     0.0000     0.0000
  3                                   0.2500     0.2500     0.0000     0.0000     0.0000     0.0303     0.0303     1.0000     0.0000     0.0000     0.0000     0.0000
  4                                   1.1354     1.1354     0.0003     0.0001     0.0000     0.1313     0.1313     1.0000     0.0000     0.0000     0.0000     0.0000
  5                                   1.3193     1.3194     0.0004     0.0002     0.0000     0.1343     0.1343     1.0000     0.0000     0.0000     0.0000     0.0000
  6                                   0.0140     0.0140     0.0001     0.0000     0.0000     0.0039     0.0039     1.0000     0.0000     0.0000     0.0000     0.0000
  7                                   1.4501     1.4502     0.0004     0.0002     0.0000     0.1361     0.1361     1.0000     0.0000     0.0000     0.0000     0.0000

************************************
*Link Flow Statistics  Comparisons *
************************************
  Link ID                            Mean Sim   Mean Obs       RMSE        MAE      MSLSE    STD Sim    STD Obs Skewn..Sim Skew...Obs  Kurt..Sim  Kurt..Obs    Index D           Log  NSE Nash-Sutcliffe
  1                                    0.5741     0.5741     0.0003     0.0001     0.0000     0.0761     0.0761     1.0000     0.0000     0.0000     0.0000     0.0000
  2                                    0.2806     0.2807     0.0001     0.0000     0.0000     0.0306     0.0306     1.0000     0.0000     0.0000     0.0000     0.0000
  3                                    0.2806     0.2807     0.0001     0.0000     0.0000     0.0306     0.0306     1.0000     0.0000     0.0000     0.0000     0.0000
  4                                    0.0277     0.0277     0.0002     0.0001     0.0000     0.0090     0.0090     1.0000     0.0000     0.0000     0.0000     0.0000
  5                                    1.2776     1.2777     0.0004     0.0002     0.0000     0.1309     0.1309     1.0000     0.0000     0.0000     0.0000     0.0000
  6                                    1.4501     1.4502     0.0004     0.0002     0.0000     0.1361     0.1361     1.0000     0.0000     0.0000     0.0000     0.0000

*************************************
*Link Depth Statistics  Comparisons *
*************************************
  Link ID                            Mean Sim   Mean Obs       RMSE        MAE      MSLSE    STD Sim    STD Obs Skewn..Sim Skew...Obs  Kurt..Sim  Kurt..Obs    Index D           Log  NSE Nash-Sutcliffe
  1                                    0.1162     0.1162     0.0000     0.0000     0.0000     0.0110     0.0110     1.0000     0.0000     0.0000     0.0000     0.0000
  2                                    0.1126     0.1126     0.0000     0.0000     0.0000     0.0100     0.0100     1.0000     0.0000     0.0000     0.0000     0.0000
  3                                    0.1126     0.1126     0.0000     0.0000     0.0000     0.0100     0.0100     1.0000     0.0000     0.0000     0.0000     0.0000
  4                                    0.0876     0.0876     0.0000     0.0000     0.0000     0.0065     0.0065     1.0000     0.0000     0.0000     0.0000     0.0000
  5                                    0.1270     0.1270     0.0000     0.0000     0.0000     0.0097     0.0097     1.0000     0.0000     0.0000     0.0000     0.0000
  6                                    0.1064     0.1065     0.0000     0.0000     0.0000     0.0077     0.0077     1.0000     0.0000     0.0000     0.0000     0.0000