

*********************************************
* Binary File Comparison Statistics Section *
*********************************************

   Flog.file                                                D:\SWMMandSoftware\SWMM5.013_June2018\EPASWMM5.1.013\Swmm5.1.013UpdateTests\Hydrology\Curve_Number_Impervious_Watershed_Example.inp.log
   FoutCompare.file                                         D:\SWMMandSoftware\SWMM5.013_June2018\EPASWMM5.1.013\Swmm5.1.013UpdateTests\v12\Curve_Number_Impervious_Watershed_Example.out
   Fout.file                                                D:\SWMMandSoftware\SWMM5.013_June2018\EPASWMM5.1.013\Swmm5.1.013UpdateTests\v13\Curve_Number_Impervious_Watershed_Example.out

   Fout.file Version                                        51013
   Fout.file MagicNumber                                    516114522
   Fout.file Flow units                                     0
   Fout.file Report Step                                    10
   Fout.file Nperiods                                       17280
   Fout.file Starting file position of ID names             28
   Fout.file Starting file position of input data           137
   Fout.file Starting file position of output data          413
   Fout.file number of bytes per time period                224
   Fout.file Number of subcatchment output variables        8
   Fout.file Number of node output variables                6
   Fout.file Number of link output variables                5
   Fout.file Number of subcatchments reported on            2
   Fout.file Number of nodes reported on                    3
   Fout.file Number of links reported on                    1
   Fout.file Number of pollutants reported on               0

   FoutCompare.file Version                                 51011
   FoutCompare.file MagicNumber                             516114522
   FoutCompare.file Flow units                              0
   FoutCompare.file Nperiods                                17280
   FoutCompare.file Starting file position of ID names      28
   FoutCompare.file Starting file position of input data    137
   FoutCompare.file Starting file position of output data   413
   FoutCompare.file number of bytes per time period         224
   FoutCompare.file Number of subcatchment output variables 8
   FoutCompare.file Number of node output variables         6
   FoutCompare.file Number of link output variables         5
   FoutCompare.file Number of subcatchments reported on     2
   FoutCompare.file Number of nodes reported on             3
   FoutCompare.file Number of links reported on             1
   FoutCompare.file Number of pollutants reported on        0

***********************************************
*Subcatchment Runoff Statistics Comparisons   *
***********************************************
  Subcatchment ID                    Mean Sim   Mean Obs       RMSE        MAE      MSLSE    STD Sim    STD Obs Skewn..Sim Skew...Obs  Kurt..Sim  Kurt..Obs    Index D           Log  NSE Nash-Sutcliffe
  Pervious_Watershed                   1.1502     1.1502     0.0000     0.0000     0.0000     0.0313     0.0313     1.0000     0.0000     0.0000     0.0000     0.0000
  Impervious_Watershed                 2.1008     2.1008     0.0000     0.0000     0.0000     0.0605     0.0605     1.0000     0.0000     0.0000     0.0000     0.0000

************************************
*Node Depth Statistics Comparisons *
************************************
  Node ID                            Mean Sim   Mean Obs       RMSE        MAE      MSLSE    STD Sim    STD Obs Skewn..Sim Skew...Obs  Kurt..Sim  Kurt..Obs    Index D           Log  NSE Nash-Sutcliffe
  Outfall                             0.0000     0.0000     0.0000     0.0000     0.0000     0.0000     0.0000     1.0000     0.0000     0.0000     0.0000     0.0000
  Outfall_Storage                     0.0030     0.0030     0.0000     0.0000     0.0000     0.0001     0.0001     1.0000     0.0000     0.0000     0.0000     0.0000
  Storage_Node                        0.1170     0.1170     0.0000     0.0000     0.0000     0.0008     0.0008     1.0000     0.0000     0.0000     0.0000     0.0000

*******************************************
*Node Lateral Flow Statistics Comparisons *
*******************************************
  Node ID                            Mean Sim   Mean Obs       RMSE        MAE      MSLSE    STD Sim    STD Obs Skewn..Sim Skew...Obs  Kurt..Sim  Kurt..Obs    Index D           Log  NSE Nash-Sutcliffe
  Outfall                              1.1504     1.1504     0.0023     0.0003     0.0000     0.0313     0.0313     1.0000     0.0000     0.0000     0.0000     0.0000
  Outfall_Storage                      0.0000     0.0000     0.0000     0.0000     0.0000     0.0000     0.0000     1.0000     0.0000     0.0000     0.0000     0.0000
  Storage_Node                         2.1008     2.1008     0.0349     0.0004     0.0000     0.0605     0.0605     1.0000     0.0000     0.0000     0.0000     0.0000

*****************************************
*Node Total Flow Statistics Comparisons *
*****************************************
  Node ID                            Mean Sim   Mean Obs       RMSE        MAE      MSLSE    STD Sim    STD Obs Skewn..Sim Skew...Obs  Kurt..Sim  Kurt..Obs    Index D           Log  NSE Nash-Sutcliffe
  Outfall                             1.1504     1.1504     0.0000     0.0000     0.0000     0.0313     0.0313     1.0000     0.0000     0.0000     0.0000     0.0000
  Outfall_Storage                     0.7313     0.7313     0.0000     0.0000     0.0000     0.0267     0.0267     1.0000     0.0000     0.0000     0.0000     0.0000
  Storage_Node                        2.1008     2.1008     0.0000     0.0000     0.0000     0.0605     0.0605     1.0000     0.0000     0.0000     0.0000     0.0000

************************************
*Link Flow Statistics  Comparisons *
************************************
  Link ID                            Mean Sim   Mean Obs       RMSE        MAE      MSLSE    STD Sim    STD Obs Skewn..Sim Skew...Obs  Kurt..Sim  Kurt..Obs    Index D           Log  NSE Nash-Sutcliffe
  DummyOverflow                        0.7313     0.7313     0.0000     0.0000     0.0000     0.0267     0.0267     1.0000     0.0000     0.0000     0.0000     0.0000

*************************************
*Link Depth Statistics  Comparisons *
*************************************
  Link ID                            Mean Sim   Mean Obs       RMSE        MAE      MSLSE    STD Sim    STD Obs Skewn..Sim Skew...Obs  Kurt..Sim  Kurt..Obs    Index D           Log  NSE Nash-Sutcliffe
  DummyOverflow                        0.0031     0.0031     0.0000     0.0000     0.0000     0.0001     0.0001     1.0000     0.0000     0.0000     0.0000     0.0000