

*********************************************
* Binary File Comparison Statistics Section *
*********************************************

   Flog.file                                                D:\SWMMandSoftware\SWMM5.013_June2018\EPASWMM5.1.013\Swmm5.1.013UpdateTests\Hydrology\DefaultLIDvaluesinSWC.inp.log
   FoutCompare.file                                         D:\SWMMandSoftware\SWMM5.013_June2018\EPASWMM5.1.013\Swmm5.1.013UpdateTests\v12\DefaultLIDvaluesinSWC.out
   Fout.file                                                D:\SWMMandSoftware\SWMM5.013_June2018\EPASWMM5.1.013\Swmm5.1.013UpdateTests\v13\DefaultLIDvaluesinSWC.out

   Fout.file Version                                        51013
   Fout.file MagicNumber                                    516114522
   Fout.file Flow units                                     0
   Fout.file Report Step                                    900
   Fout.file Nperiods                                       287
   Fout.file Starting file position of ID names             28
   Fout.file Starting file position of input data           52
   Fout.file Starting file position of output data          288
   Fout.file number of bytes per time period                116
   Fout.file Number of subcatchment output variables        8
   Fout.file Number of node output variables                6
   Fout.file Number of link output variables                5
   Fout.file Number of subcatchments reported on            0
   Fout.file Number of nodes reported on                    2
   Fout.file Number of links reported on                    0
   Fout.file Number of pollutants reported on               0

   FoutCompare.file Version                                 51011
   FoutCompare.file MagicNumber                             516114522
   FoutCompare.file Flow units                              0
   FoutCompare.file Nperiods                                287
   FoutCompare.file Starting file position of ID names      28
   FoutCompare.file Starting file position of input data    52
   FoutCompare.file Starting file position of output data   288
   FoutCompare.file number of bytes per time period         116
   FoutCompare.file Number of subcatchment output variables 8
   FoutCompare.file Number of node output variables         6
   FoutCompare.file Number of link output variables         5
   FoutCompare.file Number of subcatchments reported on     0
   FoutCompare.file Number of nodes reported on             2
   FoutCompare.file Number of links reported on             0
   FoutCompare.file Number of pollutants reported on        0

************************************
*Node Depth Statistics Comparisons *
************************************
  Node ID                            Mean Sim   Mean Obs       RMSE        MAE      MSLSE    STD Sim    STD Obs Skewn..Sim Skew...Obs  Kurt..Sim  Kurt..Obs    Index D           Log  NSE Nash-Sutcliffe
  Outfall1                            0.0000     0.0000     0.0000     0.0000     0.0000     0.0000     0.0000     1.0000     0.0000     0.0000     0.0000     0.0000
  Cisterns                            2.3355     2.3355     0.0000     0.0000     0.0000     0.0795     0.0795     1.0000     0.0000     0.0000     0.0000     0.0000

*******************************************
*Node Lateral Flow Statistics Comparisons *
*******************************************
  Node ID                            Mean Sim   Mean Obs       RMSE        MAE      MSLSE    STD Sim    STD Obs Skewn..Sim Skew...Obs  Kurt..Sim  Kurt..Obs    Index D           Log  NSE Nash-Sutcliffe
  Outfall1                             0.4629     0.4629     0.0000     0.0000     0.0000     0.1841     0.1841     1.0000     0.0000     0.0000     0.0000     0.0000
  Cisterns                             0.0034     0.0034     0.0000     0.0000     0.0000     0.0011     0.0011     1.0000     0.0000     0.0000     0.0000     0.0000

*****************************************
*Node Total Flow Statistics Comparisons *
*****************************************
  Node ID                            Mean Sim   Mean Obs       RMSE        MAE      MSLSE    STD Sim    STD Obs Skewn..Sim Skew...Obs  Kurt..Sim  Kurt..Obs    Index D           Log  NSE Nash-Sutcliffe
  Outfall1                            0.4629     0.4629     0.0000     0.0000     0.0000     0.1841     0.1841     1.0000     0.0000     0.0000     0.0000     0.0000
  Cisterns                            0.0034     0.0034     0.0000     0.0000     0.0000     0.0011     0.0011     1.0000     0.0000     0.0000     0.0000     0.0000