

*********************************************
* Binary File Comparison Statistics Section *
*********************************************

   Flog.file                                                D:\SWMMandSoftware\SWMM5.013_June2018\EPASWMM5.1.013\Swmm5.1.013UpdateTests\Hydrology\Dup_Sub.inp.log
   FoutCompare.file                                         D:\SWMMandSoftware\SWMM5.013_June2018\EPASWMM5.1.013\Swmm5.1.013UpdateTests\v12\Dup_Sub.out
   Fout.file                                                D:\SWMMandSoftware\SWMM5.013_June2018\EPASWMM5.1.013\Swmm5.1.013UpdateTests\v13\Dup_Sub.out

   Fout.file Version                                        51013
   Fout.file MagicNumber                                    516114522
   Fout.file Flow units                                     2
   Fout.file Report Step                                    300
   Fout.file Nperiods                                       275
   Fout.file Starting file position of ID names             28
   Fout.file Starting file position of input data           76
   Fout.file Starting file position of output data          340
   Fout.file number of bytes per time period                200
   Fout.file Number of subcatchment output variables        8
   Fout.file Number of node output variables                6
   Fout.file Number of link output variables                5
   Fout.file Number of subcatchments reported on            2
   Fout.file Number of nodes reported on                    2
   Fout.file Number of links reported on                    1
   Fout.file Number of pollutants reported on               0

   FoutCompare.file Version                                 51011
   FoutCompare.file MagicNumber                             516114522
   FoutCompare.file Flow units                              2
   FoutCompare.file Nperiods                                275
   FoutCompare.file Starting file position of ID names      28
   FoutCompare.file Starting file position of input data    76
   FoutCompare.file Starting file position of output data   340
   FoutCompare.file number of bytes per time period         200
   FoutCompare.file Number of subcatchment output variables 8
   FoutCompare.file Number of node output variables         6
   FoutCompare.file Number of link output variables         5
   FoutCompare.file Number of subcatchments reported on     2
   FoutCompare.file Number of nodes reported on             2
   FoutCompare.file Number of links reported on             1
   FoutCompare.file Number of pollutants reported on        0

***********************************************
*Subcatchment Runoff Statistics Comparisons   *
***********************************************
  Subcatchment ID                    Mean Sim   Mean Obs       RMSE        MAE      MSLSE    STD Sim    STD Obs Skewn..Sim Skew...Obs  Kurt..Sim  Kurt..Obs    Index D           Log  NSE Nash-Sutcliffe
  CI-S000004                           5.1894     5.1894     0.0000     0.0000     0.0000     0.7319     0.7319     1.0000     0.0000     0.0000     0.0000     0.0000
  Dup                                  5.1894     5.1894     0.0000     0.0000     0.0000     0.7319     0.7319     1.0000     0.0000     0.0000     0.0000     0.0000

************************************
*Node Depth Statistics Comparisons *
************************************
  Node ID                            Mean Sim   Mean Obs       RMSE        MAE      MSLSE    STD Sim    STD Obs Skewn..Sim Skew...Obs  Kurt..Sim  Kurt..Obs    Index D           Log  NSE Nash-Sutcliffe
  564                                 0.6908     0.6908     0.0001     0.0000     0.0000     0.0479     0.0479     1.0000     0.0000     0.0000     0.0000     0.0000
  outfall                             0.6771     0.6771     0.0001     0.0000     0.0000     0.0477     0.0477     1.0000     0.0000     0.0000     0.0000     0.0000

*******************************************
*Node Lateral Flow Statistics Comparisons *
*******************************************
  Node ID                            Mean Sim   Mean Obs       RMSE        MAE      MSLSE    STD Sim    STD Obs Skewn..Sim Skew...Obs  Kurt..Sim  Kurt..Obs    Index D           Log  NSE Nash-Sutcliffe
  564                                 10.3789    10.3788     0.0077     0.0018     0.0000     1.4629     1.4629     1.0000     0.0000     0.0000     0.0000     0.0000
  outfall                              0.0000     0.0000     0.0000     0.0000     0.0000     0.0000     0.0000     1.0000     0.0000     0.0000     0.0000     0.0000

*****************************************
*Node Total Flow Statistics Comparisons *
*****************************************
  Node ID                            Mean Sim   Mean Obs       RMSE        MAE      MSLSE    STD Sim    STD Obs Skewn..Sim Skew...Obs  Kurt..Sim  Kurt..Obs    Index D           Log  NSE Nash-Sutcliffe
  564                                10.3789    10.3789     0.0000     0.0000     0.0000     1.4629     1.4629     1.0000     0.0000     0.0000     0.0000     0.0000
  outfall                            10.3844    10.3844     0.0028     0.0008     0.0000     1.4630     1.4630     1.0000     0.0000     0.0000     0.0000     0.0000

************************************
*Link Flow Statistics  Comparisons *
************************************
  Link ID                            Mean Sim   Mean Obs       RMSE        MAE      MSLSE    STD Sim    STD Obs Skewn..Sim Skew...Obs  Kurt..Sim  Kurt..Obs    Index D           Log  NSE Nash-Sutcliffe
  564.1                               10.3844    10.3844     0.0028     0.0008     0.0000     1.4630     1.4630     1.0000     0.0000     0.0000     0.0000     0.0000

*************************************
*Link Depth Statistics  Comparisons *
*************************************
  Link ID                            Mean Sim   Mean Obs       RMSE        MAE      MSLSE    STD Sim    STD Obs Skewn..Sim Skew...Obs  Kurt..Sim  Kurt..Obs    Index D           Log  NSE Nash-Sutcliffe
  564.1                                0.6841     0.6841     0.0001     0.0000     0.0000     0.0478     0.0478     1.0000     0.0000     0.0000     0.0000     0.0000