

*********************************************
* Binary File Comparison Statistics Section *
*********************************************

   Flog.file                                                D:\SWMMandSoftware\SWMM5.013_June2018\EPASWMM5.1.013\Swmm5.1.013UpdateTests\Hydrology\EXAM79_SW5.inp.log
   FoutCompare.file                                         D:\SWMMandSoftware\SWMM5.013_June2018\EPASWMM5.1.013\Swmm5.1.013UpdateTests\v12\EXAM79_SW5.out
   Fout.file                                                D:\SWMMandSoftware\SWMM5.013_June2018\EPASWMM5.1.013\Swmm5.1.013UpdateTests\v13\EXAM79_SW5.out

   Fout.file Version                                        51013
   Fout.file MagicNumber                                    516114522
   Fout.file Flow units                                     0
   Fout.file Report Step                                    60
   Fout.file Nperiods                                       1440
   Fout.file Starting file position of ID names             28
   Fout.file Starting file position of input data           83
   Fout.file Starting file position of output data          467
   Fout.file number of bytes per time period                312
   Fout.file Number of subcatchment output variables        8
   Fout.file Number of node output variables                6
   Fout.file Number of link output variables                5
   Fout.file Number of subcatchments reported on            0
   Fout.file Number of nodes reported on                    6
   Fout.file Number of links reported on                    5
   Fout.file Number of pollutants reported on               0

   FoutCompare.file Version                                 51011
   FoutCompare.file MagicNumber                             516114522
   FoutCompare.file Flow units                              0
   FoutCompare.file Nperiods                                1440
   FoutCompare.file Starting file position of ID names      28
   FoutCompare.file Starting file position of input data    83
   FoutCompare.file Starting file position of output data   467
   FoutCompare.file number of bytes per time period         312
   FoutCompare.file Number of subcatchment output variables 8
   FoutCompare.file Number of node output variables         6
   FoutCompare.file Number of link output variables         5
   FoutCompare.file Number of subcatchments reported on     0
   FoutCompare.file Number of nodes reported on             6
   FoutCompare.file Number of links reported on             5
   FoutCompare.file Number of pollutants reported on        0

************************************
*Node Depth Statistics Comparisons *
************************************
  Node ID                            Mean Sim   Mean Obs       RMSE        MAE      MSLSE    STD Sim    STD Obs Skewn..Sim Skew...Obs  Kurt..Sim  Kurt..Obs    Index D           Log  NSE Nash-Sutcliffe
  2                                   4.4231     4.4232     0.0000     0.0000     0.0000     0.0163     0.0163     1.0000     0.0000     0.0000     0.0000     0.0000
  3                                   4.3092     4.3092     0.0001     0.0000     0.0000     0.0154     0.0154     1.0000     0.0000     0.0000     0.0000     0.0000
  4                                   4.1307     4.1307     0.0001     0.0000     0.0000     0.0141     0.0141     1.0000     0.0000     0.0000     0.0000     0.0000
  5                                   3.8181     3.8181     0.0001     0.0000     0.0000     0.0118     0.0118     1.0000     0.0000     0.0000     0.0000     0.0000
  1                                   4.5000     4.5000     0.0000     0.0000     0.0000     0.0170     0.0170     1.0000     0.0000     0.0000     0.0000     0.0000
  6                                   1.8307     1.8307     0.0001     0.0000     0.0000     0.0070     0.0070     1.0000     0.0000     0.0000     0.0000     0.0000

*******************************************
*Node Lateral Flow Statistics Comparisons *
*******************************************
  Node ID                            Mean Sim   Mean Obs       RMSE        MAE      MSLSE    STD Sim    STD Obs Skewn..Sim Skew...Obs  Kurt..Sim  Kurt..Obs    Index D           Log  NSE Nash-Sutcliffe
  2                                    0.0000     0.0000     0.0000     0.0000     0.0000     0.0000     0.0000     1.0000     0.0000     0.0000     0.0000     0.0000
  3                                    0.0000     0.0000     0.0000     0.0000     0.0000     0.0000     0.0000     1.0000     0.0000     0.0000     0.0000     0.0000
  4                                    0.0000     0.0000     0.0000     0.0000     0.0000     0.0000     0.0000     1.0000     0.0000     0.0000     0.0000     0.0000
  5                                    0.0000     0.0000     0.0000     0.0000     0.0000     0.0000     0.0000     1.0000     0.0000     0.0000     0.0000     0.0000
  1                                    0.0000     0.0000     0.0000     0.0000     0.0000     0.0000     0.0000     1.0000     0.0000     0.0000     0.0000     0.0000
  6                                    0.0000     0.0000     0.0000     0.0000     0.0000     0.0000     0.0000     1.0000     0.0000     0.0000     0.0000     0.0000

*****************************************
*Node Total Flow Statistics Comparisons *
*****************************************
  Node ID                            Mean Sim   Mean Obs       RMSE        MAE      MSLSE    STD Sim    STD Obs Skewn..Sim Skew...Obs  Kurt..Sim  Kurt..Obs    Index D           Log  NSE Nash-Sutcliffe
  2                                 140.9459   140.9455     0.0070     0.0011     0.0000     0.7919     0.7919     1.0000     0.0000     0.0000     0.0000     0.0000
  3                                 141.0143   141.0140     0.0044     0.0005     0.0000     0.7837     0.7837     1.0000     0.0000     0.0000     0.0000     0.0000
  4                                 141.1576   141.1574     0.0035     0.0007     0.0000     0.7744     0.7744     1.0000     0.0000     0.0000     0.0000     0.0000
  5                                 141.3845   141.3846     0.0042     0.0012     0.0000     0.7679     0.7679     1.0000     0.0000     0.0000     0.0000     0.0000
  1                                 140.9467   140.9463     0.0070     0.0011     0.0000     0.7918     0.7918     1.0000     0.0000     0.0000     0.0000     0.0000
  6                                 141.6750   141.6756     0.0071     0.0018     0.0000     0.7759     0.7760     1.0000     0.0000     0.0000     0.0000     0.0000

************************************
*Link Flow Statistics  Comparisons *
************************************
  Link ID                            Mean Sim   Mean Obs       RMSE        MAE      MSLSE    STD Sim    STD Obs Skewn..Sim Skew...Obs  Kurt..Sim  Kurt..Obs    Index D           Log  NSE Nash-Sutcliffe
  1                                  140.9452   140.9448     0.0070     0.0011     0.0000     0.7920     0.7920     1.0000     0.0000     0.0000     0.0000     0.0000
  2                                  141.0143   141.0140     0.0044     0.0005     0.0000     0.7837     0.7837     1.0000     0.0000     0.0000     0.0000     0.0000
  3                                  141.1576   141.1574     0.0035     0.0007     0.0000     0.7744     0.7744     1.0000     0.0000     0.0000     0.0000     0.0000
  4                                  141.3845   141.3846     0.0042     0.0012     0.0000     0.7679     0.7679     1.0000     0.0000     0.0000     0.0000     0.0000
  5                                  141.6750   141.6756     0.0071     0.0018     0.0000     0.7759     0.7760     1.0000     0.0000     0.0000     0.0000     0.0000

*************************************
*Link Depth Statistics  Comparisons *
*************************************
  Link ID                            Mean Sim   Mean Obs       RMSE        MAE      MSLSE    STD Sim    STD Obs Skewn..Sim Skew...Obs  Kurt..Sim  Kurt..Obs    Index D           Log  NSE Nash-Sutcliffe
  1                                    4.4616     4.4616     0.0000     0.0000     0.0000     0.0167     0.0167     1.0000     0.0000     0.0000     0.0000     0.0000
  2                                    4.3662     4.3662     0.0001     0.0000     0.0000     0.0159     0.0159     1.0000     0.0000     0.0000     0.0000     0.0000
  3                                    4.2199     4.2199     0.0001     0.0000     0.0000     0.0148     0.0148     1.0000     0.0000     0.0000     0.0000     0.0000
  4                                    3.9744     3.9744     0.0001     0.0000     0.0000     0.0130     0.0130     1.0000     0.0000     0.0000     0.0000     0.0000
  5                                    2.8244     2.8244     0.0001     0.0000     0.0000     0.0094     0.0094     1.0000     0.0000     0.0000     0.0000     0.0000