

*********************************************
* Binary File Comparison Statistics Section *
*********************************************

   Flog.file                                                D:\SWMMandSoftware\SWMM5.013_June2018\EPASWMM5.1.013\Swmm5.1.013UpdateTests\Hydrology\GreenAmpt_Huff_Distribution.inp.log
   FoutCompare.file                                         D:\SWMMandSoftware\SWMM5.013_June2018\EPASWMM5.1.013\Swmm5.1.013UpdateTests\v12\GreenAmpt_Huff_Distribution.out
   Fout.file                                                D:\SWMMandSoftware\SWMM5.013_June2018\EPASWMM5.1.013\Swmm5.1.013UpdateTests\v13\GreenAmpt_Huff_Distribution.out

   Fout.file Version                                        51013
   Fout.file MagicNumber                                    516114522
   Fout.file Flow units                                     4
   Fout.file Report Step                                    60
   Fout.file Nperiods                                       2160
   Fout.file Starting file position of ID names             28
   Fout.file Starting file position of input data           263
   Fout.file Starting file position of output data          519
   Fout.file number of bytes per time period                348
   Fout.file Number of subcatchment output variables        8
   Fout.file Number of node output variables                6
   Fout.file Number of link output variables                5
   Fout.file Number of subcatchments reported on            8
   Fout.file Number of nodes reported on                    1
   Fout.file Number of links reported on                    0
   Fout.file Number of pollutants reported on               0

   FoutCompare.file Version                                 51011
   FoutCompare.file MagicNumber                             516114522
   FoutCompare.file Flow units                              4
   FoutCompare.file Nperiods                                2160
   FoutCompare.file Starting file position of ID names      28
   FoutCompare.file Starting file position of input data    263
   FoutCompare.file Starting file position of output data   519
   FoutCompare.file number of bytes per time period         348
   FoutCompare.file Number of subcatchment output variables 8
   FoutCompare.file Number of node output variables         6
   FoutCompare.file Number of link output variables         5
   FoutCompare.file Number of subcatchments reported on     8
   FoutCompare.file Number of nodes reported on             1
   FoutCompare.file Number of links reported on             0
   FoutCompare.file Number of pollutants reported on        0

***********************************************
*Subcatchment Runoff Statistics Comparisons   *
***********************************************
  Subcatchment ID                    Mean Sim   Mean Obs       RMSE        MAE      MSLSE    STD Sim    STD Obs Skewn..Sim Skew...Obs  Kurt..Sim  Kurt..Obs    Index D           Log  NSE Nash-Sutcliffe
  LOWHORTON_1STQUARTERHUFF             2.3036     2.3036     0.0000     0.0000     0.0000     0.0979     0.0979     1.0000     0.0000     0.0000     0.0000     0.0000
  LOWHORTON_2NDQUARTERHUFF             2.3420     2.3420     0.0000     0.0000     0.0000     0.0759     0.0759     1.0000     0.0000     0.0000     0.0000     0.0000
  LOWHORTON_3RDQUARTERHUFF             2.2232     2.2232     0.0000     0.0000     0.0000     0.0896     0.0896     1.0000     0.0000     0.0000     0.0000     0.0000
  LOWHORTON_4THQUARTERHUFF             2.2379     2.2379     0.0000     0.0000     0.0000     0.1037     0.1037     1.0000     0.0000     0.0000     0.0000     0.0000
  HIGHHORTON_1STQUARTERHUFF            0.3191     0.3191     0.0000     0.0000     0.0000     0.0225     0.0225     1.0000     0.0000     0.0000     0.0000     0.0000
  HIGHHORTON_2NDQUARTERHUFF            0.0000     0.0000     0.0000     0.0000     0.0000     0.0001     0.0001     1.0000     0.0000     0.0000     0.0000     0.0000
  HIGHHORTON_3RDQUARTERHUFF            0.1937     0.1937     0.0000     0.0000     0.0000     0.0147     0.0147     1.0000     0.0000     0.0000     0.0000     0.0000
  HIGHHORTON_4THQUARTERHUFF            0.5127     0.5127     0.0000     0.0000     0.0000     0.0375     0.0375     1.0000     0.0000     0.0000     0.0000     0.0000

************************************
*Node Depth Statistics Comparisons *
************************************
  Node ID                            Mean Sim   Mean Obs       RMSE        MAE      MSLSE    STD Sim    STD Obs Skewn..Sim Skew...Obs  Kurt..Sim  Kurt..Obs    Index D           Log  NSE Nash-Sutcliffe
  OUT                                 0.0000     0.0000     0.0000     0.0000     0.0000     0.0000     0.0000     1.0000     0.0000     0.0000     0.0000     0.0000

*******************************************
*Node Lateral Flow Statistics Comparisons *
*******************************************
  Node ID                            Mean Sim   Mean Obs       RMSE        MAE      MSLSE    STD Sim    STD Obs Skewn..Sim Skew...Obs  Kurt..Sim  Kurt..Obs    Index D           Log  NSE Nash-Sutcliffe
  OUT                                 10.1351    10.1351     0.0000     0.0000     0.0000     0.1956     0.1956     1.0000     0.0000     0.0000     0.0000     0.0000

*****************************************
*Node Total Flow Statistics Comparisons *
*****************************************
  Node ID                            Mean Sim   Mean Obs       RMSE        MAE      MSLSE    STD Sim    STD Obs Skewn..Sim Skew...Obs  Kurt..Sim  Kurt..Obs    Index D           Log  NSE Nash-Sutcliffe
  OUT                                10.1351    10.1351     0.0000     0.0000     0.0000     0.1956     0.1956     1.0000     0.0000     0.0000     0.0000     0.0000