

*********************************************
* Binary File Comparison Statistics Section *
*********************************************

   Flog.file                                                D:\SWMMandSoftware\SWMM5.013_June2018\EPASWMM5.1.013\Swmm5.1.013UpdateTests\LEW_update_v5113\Example3.inp.log
   FoutCompare.file                                         D:\SWMMandSoftware\SWMM5.013_June2018\EPASWMM5.1.013\Swmm5.1.013UpdateTests\v12\Example3_v12.out
   Fout.file                                                D:\SWMMandSoftware\SWMM5.013_June2018\EPASWMM5.1.013\Swmm5.1.013UpdateTests\v13\Example3.out

   Fout.file Version                                        51013
   Fout.file MagicNumber                                    516114522
   Fout.file Flow units                                     0
   Fout.file Report Step                                    300
   Fout.file Nperiods                                       288
   Fout.file Starting file position of ID names             28
   Fout.file Starting file position of input data           1003
   Fout.file Starting file position of output data          2283
   Fout.file number of bytes per time period                1544
   Fout.file Number of subcatchment output variables        8
   Fout.file Number of node output variables                6
   Fout.file Number of link output variables                5
   Fout.file Number of subcatchments reported on            0
   Fout.file Number of nodes reported on                    34
   Fout.file Number of links reported on                    33
   Fout.file Number of pollutants reported on               0

   FoutCompare.file Version                                 51011
   FoutCompare.file MagicNumber                             516114522
   FoutCompare.file Flow units                              0
   FoutCompare.file Nperiods                                288
   FoutCompare.file Starting file position of ID names      28
   FoutCompare.file Starting file position of input data    1003
   FoutCompare.file Starting file position of output data   2283
   FoutCompare.file number of bytes per time period         1544
   FoutCompare.file Number of subcatchment output variables 8
   FoutCompare.file Number of node output variables         6
   FoutCompare.file Number of link output variables         5
   FoutCompare.file Number of subcatchments reported on     0
   FoutCompare.file Number of nodes reported on             34
   FoutCompare.file Number of links reported on             33
   FoutCompare.file Number of pollutants reported on        0

************************************
*Node Depth Statistics Comparisons *
************************************
  Node ID                            Mean Sim   Mean Obs       RMSE        MAE      MSLSE    STD Sim    STD Obs Skewn..Sim Skew...Obs  Kurt..Sim  Kurt..Obs    Index D           Log  NSE Nash-Sutcliffe
  KRO3001                             0.1193     0.1193     0.0005     0.0001     0.0000     0.0012     0.0012     0.9995     0.0000     0.0000     0.0000     0.0000
  KRO6015                             0.0513     0.0513     0.0000     0.0000     0.0000     0.0005     0.0005     1.0000     0.0000     0.0000     0.0000     0.0000
  KRO6016                             0.1016     0.1016     0.0002     0.0000     0.0000     0.0010     0.0010     0.9999     0.0000     0.0000     0.0000     0.0000
  KRO6017                             0.1066     0.1066     0.0003     0.0001     0.0000     0.0011     0.0011     0.9996     0.0000     0.0000     0.0000     0.0000
  KRO1002                             0.0685     0.0685     0.0000     0.0000     0.0000     0.0007     0.0007     1.0000     0.0000     0.0000     0.0000     0.0000
  KRO1003                             0.0954     0.0954     0.0000     0.0000     0.0000     0.0010     0.0010     1.0000     0.0000     0.0000     0.0000     0.0000
  KRO1004                             0.0513     0.0513     0.0000     0.0000     0.0000     0.0005     0.0005     1.0000     0.0000     0.0000     0.0000     0.0000
  KRO1005                             0.1061     0.1061     0.0004     0.0001     0.0000     0.0011     0.0011     0.9996     0.0000     0.0000     0.0000     0.0000
  KRO1006                             0.0449     0.0449     0.0000     0.0000     0.0000     0.0004     0.0004     1.0000     0.0000     0.0000     0.0000     0.0000
  KRO1007                             0.0719     0.0719     0.0000     0.0000     0.0000     0.0007     0.0007     1.0000     0.0000     0.0000     0.0000     0.0000
  KRO1008                             0.1111     0.1111     0.0003     0.0000     0.0000     0.0011     0.0011     0.9998     0.0000     0.0000     0.0000     0.0000
  KRO1009                             0.2158     0.2182     0.0284     0.0176     0.0000     0.0029     0.0024     0.5028     0.0000     0.0000     0.0000     0.0000
  KRO1010                             0.1908     0.1929     0.0214     0.0128     0.0000     0.0024     0.0021     0.6312     0.0000     0.0000     0.0000     0.0000
  KRO1012                             0.0513     0.0513     0.0000     0.0000     0.0000     0.0005     0.0005     1.0000     0.0000     0.0000     0.0000     0.0000
  KRO1013                             0.2679     0.2753     0.0592     0.0363     0.0000     0.0048     0.0032    -0.2293     0.0000     0.0000     0.0000     0.0000
  KRO1014                             0.3844     0.4123     0.1310     0.0764     0.0000     0.0095     0.0054    -1.0868     0.0000     0.0000     0.0000     0.0000
  KRO1015                             0.0362     0.0362     0.0000     0.0000     0.0000     0.0004     0.0004     1.0000     0.0000     0.0000     0.0000     0.0000
  KRO2001                             0.3315     0.3344     0.0275     0.0155     0.0000     0.0042     0.0038     0.8165     0.0000     0.0000     0.0000     0.0000
  KRO4004                             0.0474     0.0474     0.0000     0.0000     0.0000     0.0005     0.0005     1.0000     0.0000     0.0000     0.0000     0.0000
  KRO4008                             0.0540     0.0540     0.0000     0.0000     0.0000     0.0005     0.0005     1.0000     0.0000     0.0000     0.0000     0.0000
  KRO4009                             0.0839     0.0839     0.0001     0.0000     0.0000     0.0008     0.0008     1.0000     0.0000     0.0000     0.0000     0.0000
  KRO4010                             0.1040     0.1040     0.0003     0.0001     0.0000     0.0010     0.0010     0.9997     0.0000     0.0000     0.0000     0.0000
  KRO4011                             0.0892     0.0892     0.0001     0.0000     0.0000     0.0009     0.0009     0.9999     0.0000     0.0000     0.0000     0.0000
  KRO4012                             0.0986     0.0986     0.0003     0.0000     0.0000     0.0010     0.0010     0.9998     0.0000     0.0000     0.0000     0.0000
  KRO4013                             0.0406     0.0406     0.0000     0.0000     0.0000     0.0004     0.0004     1.0000     0.0000     0.0000     0.0000     0.0000
  KRO4014                             0.0532     0.0532     0.0000     0.0000     0.0000     0.0005     0.0005     1.0000     0.0000     0.0000     0.0000     0.0000
  KRO4015                             0.0812     0.0812     0.0000     0.0000     0.0000     0.0008     0.0008     1.0000     0.0000     0.0000     0.0000     0.0000
  KRO4016                             0.0712     0.0712     0.0000     0.0000     0.0000     0.0007     0.0007     1.0000     0.0000     0.0000     0.0000     0.0000
  KRO4017                             0.1063     0.1063     0.0001     0.0000     0.0000     0.0011     0.0011     1.0000     0.0000     0.0000     0.0000     0.0000
  KRO4018                             0.1167     0.1167     0.0002     0.0000     0.0000     0.0012     0.0012     0.9998     0.0000     0.0000     0.0000     0.0000
  KRO4019                             0.1168     0.1168     0.0006     0.0001     0.0000     0.0012     0.0012     0.9992     0.0000     0.0000     0.0000     0.0000
  KRO2005                             0.3311     0.3343     0.0278     0.0160     0.0000     0.0042     0.0038     0.8139     0.0000     0.0000     0.0000     0.0000
  PSO                                 0.0080     0.0000     0.0348     0.0080     0.0000     0.0020     0.0000     1.0000     0.0000     0.0000     0.0000     0.0000
  SU1                                 3.6502     3.2598     1.8837     1.2187     0.0000     0.1023     0.0662    -1.8329     0.0000     0.0000     0.0000     0.0000

*******************************************
*Node Lateral Flow Statistics Comparisons *
*******************************************
  Node ID                            Mean Sim   Mean Obs       RMSE        MAE      MSLSE    STD Sim    STD Obs Skewn..Sim Skew...Obs  Kurt..Sim  Kurt..Obs    Index D           Log  NSE Nash-Sutcliffe
  KRO3001                              0.0265     0.0266     0.0014     0.0001     0.0000     0.0005     0.0005     0.9753     0.0000     0.0000     0.0000     0.0000
  KRO6015                              0.0265     0.0266     0.0014     0.0001     0.0000     0.0005     0.0005     0.9753     0.0000     0.0000     0.0000     0.0000
  KRO6016                              0.0265     0.0266     0.0014     0.0001     0.0000     0.0005     0.0005     0.9753     0.0000     0.0000     0.0000     0.0000
  KRO6017                              0.0265     0.0266     0.0014     0.0001     0.0000     0.0005     0.0005     0.9753     0.0000     0.0000     0.0000     0.0000
  KRO1002                              0.0265     0.0266     0.0014     0.0001     0.0000     0.0005     0.0005     0.9753     0.0000     0.0000     0.0000     0.0000
  KRO1003                              0.0265     0.0266     0.0014     0.0001     0.0000     0.0005     0.0005     0.9753     0.0000     0.0000     0.0000     0.0000
  KRO1004                              0.0265     0.0266     0.0014     0.0001     0.0000     0.0005     0.0005     0.9753     0.0000     0.0000     0.0000     0.0000
  KRO1005                              0.0265     0.0266     0.0014     0.0001     0.0000     0.0005     0.0005     0.9753     0.0000     0.0000     0.0000     0.0000
  KRO1006                              0.0265     0.0266     0.0014     0.0001     0.0000     0.0005     0.0005     0.9753     0.0000     0.0000     0.0000     0.0000
  KRO1007                              0.0265     0.0266     0.0014     0.0001     0.0000     0.0005     0.0005     0.9753     0.0000     0.0000     0.0000     0.0000
  KRO1008                              0.0265     0.0266     0.0014     0.0001     0.0000     0.0005     0.0005     0.9753     0.0000     0.0000     0.0000     0.0000
  KRO1009                              0.0265     0.0266     0.0014     0.0001     0.0000     0.0005     0.0005     0.9753     0.0000     0.0000     0.0000     0.0000
  KRO1010                              0.0265     0.0266     0.0014     0.0001     0.0000     0.0005     0.0005     0.9753     0.0000     0.0000     0.0000     0.0000
  KRO1012                              0.0265     0.0266     0.0014     0.0001     0.0000     0.0005     0.0005     0.9753     0.0000     0.0000     0.0000     0.0000
  KRO1013                              0.0265     0.0266     0.0014     0.0001     0.0000     0.0005     0.0005     0.9753     0.0000     0.0000     0.0000     0.0000
  KRO1014                              0.0000     0.0000     0.0000     0.0000     0.0000     0.0000     0.0000     1.0000     0.0000     0.0000     0.0000     0.0000
  KRO1015                              0.0265     0.0266     0.0014     0.0001     0.0000     0.0005     0.0005     0.9753     0.0000     0.0000     0.0000     0.0000
  KRO2001                              0.0265     0.0266     0.0014     0.0001     0.0000     0.0005     0.0005     0.9753     0.0000     0.0000     0.0000     0.0000
  KRO4004                              0.0265     0.0266     0.0014     0.0001     0.0000     0.0005     0.0005     0.9753     0.0000     0.0000     0.0000     0.0000
  KRO4008                              0.0265     0.0266     0.0014     0.0001     0.0000     0.0005     0.0005     0.9753     0.0000     0.0000     0.0000     0.0000
  KRO4009                              0.0265     0.0266     0.0014     0.0001     0.0000     0.0005     0.0005     0.9753     0.0000     0.0000     0.0000     0.0000
  KRO4010                              0.0265     0.0266     0.0014     0.0001     0.0000     0.0005     0.0005     0.9753     0.0000     0.0000     0.0000     0.0000
  KRO4011                              0.0265     0.0266     0.0014     0.0001     0.0000     0.0005     0.0005     0.9753     0.0000     0.0000     0.0000     0.0000
  KRO4012                              0.0265     0.0266     0.0014     0.0001     0.0000     0.0005     0.0005     0.9753     0.0000     0.0000     0.0000     0.0000
  KRO4013                              0.0265     0.0266     0.0014     0.0001     0.0000     0.0005     0.0005     0.9753     0.0000     0.0000     0.0000     0.0000
  KRO4014                              0.0265     0.0266     0.0014     0.0001     0.0000     0.0005     0.0005     0.9753     0.0000     0.0000     0.0000     0.0000
  KRO4015                              0.0265     0.0266     0.0014     0.0001     0.0000     0.0005     0.0005     0.9753     0.0000     0.0000     0.0000     0.0000
  KRO4016                              0.0000     0.0000     0.0000     0.0000     0.0000     0.0000     0.0000     1.0000     0.0000     0.0000     0.0000     0.0000
  KRO4017                              0.0265     0.0266     0.0014     0.0001     0.0000     0.0005     0.0005     0.9753     0.0000     0.0000     0.0000     0.0000
  KRO4018                              0.0265     0.0266     0.0014     0.0001     0.0000     0.0005     0.0005     0.9753     0.0000     0.0000     0.0000     0.0000
  KRO4019                              0.0265     0.0266     0.0014     0.0001     0.0000     0.0005     0.0005     0.9753     0.0000     0.0000     0.0000     0.0000
  KRO2005                              0.0000     0.0000     0.0000     0.0000     0.0000     0.0000     0.0000     1.0000     0.0000     0.0000     0.0000     0.0000
  PSO                                  0.0000     0.0000     0.0000     0.0000     0.0000     0.0000     0.0000     1.0000     0.0000     0.0000     0.0000     0.0000
  SU1                                  0.0265     0.0266     0.0014     0.0001     0.0000     0.0005     0.0005     0.9753     0.0000     0.0000     0.0000     0.0000

*****************************************
*Node Total Flow Statistics Comparisons *
*****************************************
  Node ID                            Mean Sim   Mean Obs       RMSE        MAE      MSLSE    STD Sim    STD Obs Skewn..Sim Skew...Obs  Kurt..Sim  Kurt..Obs    Index D           Log  NSE Nash-Sutcliffe
  KRO3001                             0.2123     0.2123     0.0016     0.0003     0.0000     0.0042     0.0042     0.9995     0.0000     0.0000     0.0000     0.0000
  KRO6015                             0.0265     0.0266     0.0014     0.0001     0.0000     0.0005     0.0005     0.9753     0.0000     0.0000     0.0000     0.0000
  KRO6016                             0.0796     0.0797     0.0014     0.0001     0.0000     0.0016     0.0016     0.9972     0.0000     0.0000     0.0000     0.0000
  KRO6017                             0.1062     0.1062     0.0014     0.0002     0.0000     0.0021     0.0021     0.9984     0.0000     0.0000     0.0000     0.0000
  KRO1002                             0.0265     0.0266     0.0014     0.0001     0.0000     0.0005     0.0005     0.9753     0.0000     0.0000     0.0000     0.0000
  KRO1003                             0.0531     0.0531     0.0014     0.0001     0.0000     0.0010     0.0010     0.9938     0.0000     0.0000     0.0000     0.0000
  KRO1004                             0.0265     0.0266     0.0014     0.0001     0.0000     0.0005     0.0005     0.9753     0.0000     0.0000     0.0000     0.0000
  KRO1005                             0.1327     0.1327     0.0015     0.0003     0.0000     0.0026     0.0026     0.9989     0.0000     0.0000     0.0000     0.0000
  KRO1006                             0.0265     0.0266     0.0014     0.0001     0.0000     0.0005     0.0005     0.9753     0.0000     0.0000     0.0000     0.0000
  KRO1007                             0.0531     0.0531     0.0014     0.0001     0.0000     0.0010     0.0010     0.9938     0.0000     0.0000     0.0000     0.0000
  KRO1008                             0.1327     0.1328     0.0014     0.0002     0.0000     0.0026     0.0026     0.9990     0.0000     0.0000     0.0000     0.0000
  KRO1009                             0.6057     0.6086     0.1381     0.0863     0.0005     0.0145     0.0122     0.5529     0.0000     0.0000     0.0000     0.0000
  KRO1010                             0.6309     0.6347     0.1217     0.0761     0.0004     0.0144     0.0127     0.6804     0.0000     0.0000     0.0000     0.0000
  KRO1012                             0.0265     0.0266     0.0014     0.0001     0.0000     0.0005     0.0005     0.9753     0.0000     0.0000     0.0000     0.0000
  KRO1013                             0.4393     0.4501     0.1708     0.1013     0.0006     0.0136     0.0094    -0.1595     0.0000     0.0000     0.0000     0.0000
  KRO1014                             0.3787     0.4212     0.2067     0.1073     0.0007     0.0134     0.0119    -0.0556     0.0000     0.0000     0.0000     0.0000
  KRO1015                             0.0265     0.0266     0.0014     0.0001     0.0000     0.0005     0.0005     0.9753     0.0000     0.0000     0.0000     0.0000
  KRO2001                             0.7879     0.7935     0.1128     0.0681     0.0004     0.0171     0.0158     0.8223     0.0000     0.0000     0.0000     0.0000
  KRO4004                             0.0265     0.0266     0.0014     0.0001     0.0000     0.0005     0.0005     0.9753     0.0000     0.0000     0.0000     0.0000
  KRO4008                             0.0531     0.0531     0.0014     0.0001     0.0000     0.0010     0.0010     0.9938     0.0000     0.0000     0.0000     0.0000
  KRO4009                             0.0531     0.0531     0.0014     0.0001     0.0000     0.0010     0.0010     0.9938     0.0000     0.0000     0.0000     0.0000
  KRO4010                             0.0796     0.0797     0.0014     0.0002     0.0000     0.0016     0.0016     0.9972     0.0000     0.0000     0.0000     0.0000
  KRO4011                             0.1593     0.1593     0.0014     0.0002     0.0000     0.0031     0.0031     0.9993     0.0000     0.0000     0.0000     0.0000
  KRO4012                             0.1858     0.1858     0.0015     0.0002     0.0000     0.0036     0.0036     0.9994     0.0000     0.0000     0.0000     0.0000
  KRO4013                             0.0265     0.0266     0.0014     0.0001     0.0000     0.0005     0.0005     0.9753     0.0000     0.0000     0.0000     0.0000
  KRO4014                             0.0531     0.0531     0.0014     0.0001     0.0000     0.0010     0.0010     0.9938     0.0000     0.0000     0.0000     0.0000
  KRO4015                             0.0796     0.0797     0.0014     0.0001     0.0000     0.0016     0.0016     0.9972     0.0000     0.0000     0.0000     0.0000
  KRO4016                             0.0797     0.0797     0.0000     0.0000     0.0000     0.0016     0.0016     1.0000     0.0000     0.0000     0.0000     0.0000
  KRO4017                             0.1327     0.1328     0.0014     0.0001     0.0000     0.0026     0.0026     0.9990     0.0000     0.0000     0.0000     0.0000
  KRO4018                             0.1593     0.1593     0.0014     0.0002     0.0000     0.0031     0.0031     0.9993     0.0000     0.0000     0.0000     0.0000
  KRO4019                             0.1858     0.1858     0.0015     0.0002     0.0000     0.0036     0.0037     0.9994     0.0000     0.0000     0.0000     0.0000
  KRO2005                             0.7830     0.7924     0.1072     0.0614     0.0004     0.0172     0.0159     0.8403     0.0000     0.0000     0.0000     0.0000
  PSO                                 0.0178     0.0000     0.0800     0.0178     0.0003     0.0046     0.0000     1.0000     0.0000     0.0000     0.0000     0.0000
  SU1                                 0.4247     0.4246     0.0028     0.0005     0.0000     0.0083     0.0084     0.9996     0.0000     0.0000     0.0000     0.0000

************************************
*Link Flow Statistics  Comparisons *
************************************
  Link ID                            Mean Sim   Mean Obs       RMSE        MAE      MSLSE    STD Sim    STD Obs Skewn..Sim Skew...Obs  Kurt..Sim  Kurt..Obs    Index D           Log  NSE Nash-Sutcliffe
  KRO3001-KRO3002                      0.2123     0.2122     0.0012     0.0003     0.0000     0.0042     0.0042     0.9997     0.0000     0.0000     0.0000     0.0000
  SU1-PSO                              0.0178     0.0000     0.0800     0.0178     0.0003     0.0046     0.0000     1.0000     0.0000     0.0000     0.0000     0.0000
  KRO1002-KRO1003                      0.0266     0.0266     0.0000     0.0000     0.0000     0.0005     0.0005     1.0000     0.0000     0.0000     0.0000     0.0000
  KRO1003-KRO1008                      0.0531     0.0531     0.0000     0.0000     0.0000     0.0010     0.0010     1.0000     0.0000     0.0000     0.0000     0.0000
  KRO1004-KRO6016                      0.0266     0.0266     0.0000     0.0000     0.0000     0.0005     0.0005     1.0000     0.0000     0.0000     0.0000     0.0000
  KRO1005-KRO2001                      0.1327     0.1326     0.0008     0.0002     0.0000     0.0026     0.0026     0.9997     0.0000     0.0000     0.0000     0.0000
  KRO1006-KRO1007                      0.0266     0.0266     0.0000     0.0000     0.0000     0.0005     0.0005     1.0000     0.0000     0.0000     0.0000     0.0000
  KRO1007-KRO1008                      0.0531     0.0531     0.0000     0.0000     0.0000     0.0010     0.0010     1.0000     0.0000     0.0000     0.0000     0.0000
  KRO1008-KRO1009                      0.1327     0.1327     0.0005     0.0001     0.0000     0.0026     0.0026     0.9999     0.0000     0.0000     0.0000     0.0000
  KRO1009-KRO1010                      0.6044     0.6082     0.1217     0.0760     0.0004     0.0140     0.0122     0.6533     0.0000     0.0000     0.0000     0.0000
  KRO1010-KRO2001                      0.6288     0.6343     0.1128     0.0678     0.0004     0.0143     0.0127     0.7263     0.0000     0.0000     0.0000     0.0000
  KRO1012-KRO4009                      0.0266     0.0266     0.0000     0.0000     0.0000     0.0005     0.0005     1.0000     0.0000     0.0000     0.0000     0.0000
  KRO1013-KRO1009                      0.4464     0.4493     0.1381     0.0862     0.0005     0.0121     0.0092     0.2079     0.0000     0.0000     0.0000     0.0000
  KRO1014-KRO1013                      0.4128     0.4235     0.1708     0.1012     0.0006     0.0133     0.0089    -0.2899     0.0000     0.0000     0.0000     0.0000
  KRO1015-KRO4014                      0.0266     0.0266     0.0000     0.0000     0.0000     0.0005     0.0005     1.0000     0.0000     0.0000     0.0000     0.0000
  KRO2001-KRO2005                      0.7830     0.7924     0.1072     0.0614     0.0004     0.0172     0.0159     0.8403     0.0000     0.0000     0.0000     0.0000
  KRO4004-KRO4008                      0.0266     0.0266     0.0000     0.0000     0.0000     0.0005     0.0005     1.0000     0.0000     0.0000     0.0000     0.0000
  KRO4008-KRO4011                      0.0531     0.0531     0.0000     0.0000     0.0000     0.0010     0.0010     1.0000     0.0000     0.0000     0.0000     0.0000
  KRO4009-KRO4010                      0.0531     0.0531     0.0001     0.0000     0.0000     0.0010     0.0010     1.0000     0.0000     0.0000     0.0000     0.0000
  KRO4010-KRO4011                      0.0796     0.0796     0.0003     0.0001     0.0000     0.0016     0.0016     0.9998     0.0000     0.0000     0.0000     0.0000
  KRO4011-KRO4012                      0.1593     0.1593     0.0005     0.0001     0.0000     0.0031     0.0031     0.9999     0.0000     0.0000     0.0000     0.0000
  KRO4012-KRO3001                      0.1858     0.1858     0.0008     0.0002     0.0000     0.0036     0.0037     0.9998     0.0000     0.0000     0.0000     0.0000
  KRO4013-KRO4017                      0.0266     0.0266     0.0000     0.0000     0.0000     0.0005     0.0005     1.0000     0.0000     0.0000     0.0000     0.0000
  KRO4014-KRO4015                      0.0531     0.0531     0.0000     0.0000     0.0000     0.0010     0.0010     1.0000     0.0000     0.0000     0.0000     0.0000
  KRO4015-KRO4016                      0.0797     0.0797     0.0000     0.0000     0.0000     0.0016     0.0016     1.0000     0.0000     0.0000     0.0000     0.0000
  KRO4016-KRO4017                      0.0797     0.0797     0.0000     0.0000     0.0000     0.0016     0.0016     1.0000     0.0000     0.0000     0.0000     0.0000
  KRO4017-KRO4018                      0.1328     0.1328     0.0002     0.0000     0.0000     0.0026     0.0026     1.0000     0.0000     0.0000     0.0000     0.0000
  KRO4018-KRO4019                      0.1593     0.1593     0.0006     0.0001     0.0000     0.0031     0.0031     0.9999     0.0000     0.0000     0.0000     0.0000
  KRO4019-KRO3002                      0.1858     0.1858     0.0013     0.0002     0.0000     0.0037     0.0037     0.9996     0.0000     0.0000     0.0000     0.0000
  KRO6015-KRO6016                      0.0266     0.0266     0.0000     0.0000     0.0000     0.0005     0.0005     1.0000     0.0000     0.0000     0.0000     0.0000
  KRO6016-KRO6017                      0.0796     0.0796     0.0002     0.0000     0.0000     0.0016     0.0016     0.9999     0.0000     0.0000     0.0000     0.0000
  KRO6017-KRO1005                      0.1061     0.1061     0.0005     0.0001     0.0000     0.0021     0.0021     0.9998     0.0000     0.0000     0.0000     0.0000
  PUMP1                                0.3787     0.4217     0.2098     0.1087     0.0007     0.0134     0.0122    -0.0255     0.0000     0.0000     0.0000     0.0000

*************************************
*Link Depth Statistics  Comparisons *
*************************************
  Link ID                            Mean Sim   Mean Obs       RMSE        MAE      MSLSE    STD Sim    STD Obs Skewn..Sim Skew...Obs  Kurt..Sim  Kurt..Obs    Index D           Log  NSE Nash-Sutcliffe
  KRO3001-KRO3002                      0.1725     0.1191     0.1354     0.0534     0.0005     0.0071     0.0012   -43.0153     0.0000     0.0000     0.0000     0.0000
  SU1-PSO                              0.0081     0.0001     0.0349     0.0080     0.0001     0.0020     0.0000     1.0000     0.0000     0.0000     0.0000     0.0000
  KRO1002-KRO1003                      0.0819     0.0819     0.0000     0.0000     0.0000     0.0008     0.0008     1.0000     0.0000     0.0000     0.0000     0.0000
  KRO1003-KRO1008                      0.1032     0.1032     0.0001     0.0000     0.0000     0.0010     0.0010     0.9999     0.0000     0.0000     0.0000     0.0000
  KRO1004-KRO6016                      0.0764     0.0764     0.0001     0.0000     0.0000     0.0008     0.0008     1.0000     0.0000     0.0000     0.0000     0.0000
  KRO1005-KRO2001                      0.2188     0.2202     0.0138     0.0078     0.0000     0.0026     0.0024     0.8874     0.0000     0.0000     0.0000     0.0000
  KRO1006-KRO1007                      0.0584     0.0584     0.0000     0.0000     0.0000     0.0006     0.0006     1.0000     0.0000     0.0000     0.0000     0.0000
  KRO1007-KRO1008                      0.0915     0.0915     0.0001     0.0000     0.0000     0.0009     0.0009     0.9999     0.0000     0.0000     0.0000     0.0000
  KRO1008-KRO1009                      0.1634     0.1646     0.0142     0.0088     0.0000     0.0019     0.0017     0.7664     0.0000     0.0000     0.0000     0.0000
  KRO1009-KRO1010                      0.2033     0.2055     0.0248     0.0152     0.0001     0.0027     0.0022     0.5690     0.0000     0.0000     0.0000     0.0000
  KRO1010-KRO2001                      0.2612     0.2636     0.0238     0.0134     0.0001     0.0033     0.0029     0.7708     0.0000     0.0000     0.0000     0.0000
  KRO1012-KRO4009                      0.0676     0.0676     0.0000     0.0000     0.0000     0.0007     0.0007     1.0000     0.0000     0.0000     0.0000     0.0000
  KRO1013-KRO1009                      0.2418     0.2467     0.0436     0.0269     0.0002     0.0038     0.0028     0.1286     0.0000     0.0000     0.0000     0.0000
  KRO1014-KRO1013                      0.3261     0.3439     0.0937     0.0558     0.0003     0.0071     0.0042    -0.7780     0.0000     0.0000     0.0000     0.0000
  KRO1015-KRO4014                      0.0447     0.0447     0.0000     0.0000     0.0000     0.0004     0.0004     1.0000     0.0000     0.0000     0.0000     0.0000
  KRO2001-KRO2005                      0.3313     0.3343     0.0276     0.0158     0.0001     0.0042     0.0038     0.8154     0.0000     0.0000     0.0000     0.0000
  KRO4004-KRO4008                      0.0507     0.0507     0.0000     0.0000     0.0000     0.0005     0.0005     1.0000     0.0000     0.0000     0.0000     0.0000
  KRO4008-KRO4011                      0.0716     0.0716     0.0001     0.0000     0.0000     0.0007     0.0007     1.0000     0.0000     0.0000     0.0000     0.0000
  KRO4009-KRO4010                      0.0939     0.0939     0.0002     0.0000     0.0000     0.0009     0.0009     0.9999     0.0000     0.0000     0.0000     0.0000
  KRO4010-KRO4011                      0.0966     0.0966     0.0002     0.0000     0.0000     0.0010     0.0010     0.9998     0.0000     0.0000     0.0000     0.0000
  KRO4011-KRO4012                      0.0939     0.0939     0.0002     0.0000     0.0000     0.0009     0.0009     0.9999     0.0000     0.0000     0.0000     0.0000
  KRO4012-KRO3001                      0.0984     0.0983     0.0003     0.0001     0.0000     0.0010     0.0010     0.9996     0.0000     0.0000     0.0000     0.0000
  KRO4013-KRO4017                      0.0735     0.0735     0.0000     0.0000     0.0000     0.0007     0.0007     1.0000     0.0000     0.0000     0.0000     0.0000
  KRO4014-KRO4015                      0.0672     0.0672     0.0000     0.0000     0.0000     0.0007     0.0007     1.0000     0.0000     0.0000     0.0000     0.0000
  KRO4015-KRO4016                      0.0762     0.0762     0.0000     0.0000     0.0000     0.0008     0.0008     1.0000     0.0000     0.0000     0.0000     0.0000
  KRO4016-KRO4017                      0.0888     0.0888     0.0000     0.0000     0.0000     0.0009     0.0009     1.0000     0.0000     0.0000     0.0000     0.0000
  KRO4017-KRO4018                      0.1115     0.1115     0.0002     0.0000     0.0000     0.0011     0.0011     0.9999     0.0000     0.0000     0.0000     0.0000
  KRO4018-KRO4019                      0.1167     0.1167     0.0004     0.0000     0.0000     0.0012     0.0012     0.9996     0.0000     0.0000     0.0000     0.0000
  KRO4019-KRO3002                      0.1701     0.1166     0.1358     0.0536     0.0005     0.0071     0.0012   -45.2426     0.0000     0.0000     0.0000     0.0000
  KRO6015-KRO6016                      0.0764     0.0764     0.0001     0.0000     0.0000     0.0008     0.0008     1.0000     0.0000     0.0000     0.0000     0.0000
  KRO6016-KRO6017                      0.1041     0.1041     0.0002     0.0000     0.0000     0.0010     0.0010     0.9998     0.0000     0.0000     0.0000     0.0000
  KRO6017-KRO1005                      0.1064     0.1064     0.0003     0.0001     0.0000     0.0011     0.0011     0.9996     0.0000     0.0000     0.0000     0.0000
  PUMP1                                0.0000     0.0000     0.0000     0.0000     0.0000     0.0000     0.0000     1.0000     0.0000     0.0000     0.0000     0.0000